c-387ae255.09-12-6b6c6d10.cust.bredbandsbolaget.se - - [27/Dec/2012:15:32:20 +0100] "GET / HTTP/1.1" 200 5640 "-" "Mozilla/5.0 (Windows NT 6.1; WOW64) AppleWebKit/537.11 (KHTML, like Gecko) Chrome/23.0.1271.97 Safari/537.11"
c-387ae255.09-12-6b6c6d10.cust.bredbandsbolaget.se - - [27/Dec/2012:15:32:20 +0100] "GET /css/bootstrap-responsive.css HTTP/1.1" 304 - "http://worldcrime.devharis.com/" "Mozilla/5.0 (Windows NT 6.1; WOW64) AppleWebKit/537.11 (KHTML, like Gecko) Chrome/23.0.1271.97 Safari/537.11"
c-387ae255.09-12-6b6c6d10.cust.bredbandsbolaget.se - - [27/Dec/2012:15:32:20 +0100] "GET /css/bootstrap.css HTTP/1.1" 304 - "http://worldcrime.devharis.com/" "Mozilla/5.0 (Windows NT 6.1; WOW64) AppleWebKit/537.11 (KHTML, like Gecko) Chrome/23.0.1271.97 Safari/537.11"
c-387ae255.09-12-6b6c6d10.cust.bredbandsbolaget.se - - [27/Dec/2012:15:32:20 +0100] "GET /js/jquery.js HTTP/1.1" 304 - "http://worldcrime.devharis.com/" "Mozilla/5.0 (Windows NT 6.1; WOW64) AppleWebKit/537.11 (KHTML, like Gecko) Chrome/23.0.1271.97 Safari/537.11"
c-387ae255.09-12-6b6c6d10.cust.bredbandsbolaget.se - - [27/Dec/2012:15:32:21 +0100] "GET /assets/ico/favicon.png HTTP/1.1" 404 220 "-" "Mozilla/5.0 (Windows NT 6.1; WOW64) AppleWebKit/537.11 (KHTML, like Gecko) Chrome/23.0.1271.97 Safari/537.11"
c-387ae255.09-12-6b6c6d10.cust.bredbandsbolaget.se - - [27/Dec/2012:15:32:24 +0100] "GET /assets/ico/favicon.png HTTP/1.1" 404 220 "-" "Mozilla/5.0 (Windows NT 6.1; WOW64) AppleWebKit/537.11 (KHTML, like Gecko) Chrome/23.0.1271.97 Safari/537.11"
c-387ae255.09-12-6b6c6d10.cust.bredbandsbolaget.se - - [27/Dec/2012:15:32:24 +0100] "GET /assets/ico/favicon.png HTTP/1.1" 404 220 "-" "Mozilla/5.0 (Windows NT 6.1; WOW64) AppleWebKit/537.11 (KHTML, like Gecko) Chrome/23.0.1271.97 Safari/537.11"
92-32-15-26.tn.glocalnet.net - - [27/Dec/2012:15:33:02 +0100] "GET / HTTP/1.1" 200 5640 "-" "Mozilla/5.0 (Macintosh; Intel Mac OS X 10_8_2) AppleWebKit/537.11 (KHTML, like Gecko) Chrome/23.0.1271.101 Safari/537.11"
92-32-15-26.tn.glocalnet.net - - [27/Dec/2012:15:33:02 +0100] "GET /css/bootstrap-responsive.css HTTP/1.1" 200 21751 "http://worldcrime.devharis.com/" "Mozilla/5.0 (Macintosh; Intel Mac OS X 10_8_2) AppleWebKit/537.11 (KHTML, like Gecko) Chrome/23.0.1271.101 Safari/537.11"
92-32-15-26.tn.glocalnet.net - - [27/Dec/2012:15:33:02 +0100] "GET /css/bootstrap.css HTTP/1.1" 200 124223 "http://worldcrime.devharis.com/" "Mozilla/5.0 (Macintosh; Intel Mac OS X 10_8_2) AppleWebKit/537.11 (KHTML, like Gecko) Chrome/23.0.1271.101 Safari/537.11"
92-32-15-26.tn.glocalnet.net - - [27/Dec/2012:15:33:02 +0100] "GET /js/bootstrap-alert.js HTTP/1.1" 200 2524 "http://worldcrime.devharis.com/" "Mozilla/5.0 (Macintosh; Intel Mac OS X 10_8_2) AppleWebKit/537.11 (KHTML, like Gecko) Chrome/23.0.1271.101 Safari/537.11"
92-32-15-26.tn.glocalnet.net - - [27/Dec/2012:15:33:02 +0100] "GET /js/bootstrap-dropdown.js HTTP/1.1" 200 4236 "http://worldcrime.devharis.com/" "Mozilla/5.0 (Macintosh; Intel Mac OS X 10_8_2) AppleWebKit/537.11 (KHTML, like Gecko) Chrome/23.0.1271.101 Safari/537.11"
92-32-15-26.tn.glocalnet.net - - [27/Dec/2012:15:33:02 +0100] "GET /js/bootstrap-modal.js HTTP/1.1" 200 6579 "http://worldcrime.devharis.com/" "Mozilla/5.0 (Macintosh; Intel Mac OS X 10_8_2) AppleWebKit/537.11 (KHTML, like Gecko) Chrome/23.0.1271.101 Safari/537.11"
92-32-15-26.tn.glocalnet.net - - [27/Dec/2012:15:33:02 +0100] "GET /js/bootstrap-scrollspy.js HTTP/1.1" 200 4610 "http://worldcrime.devharis.com/" "Mozilla/5.0 (Macintosh; Intel Mac OS X 10_8_2) AppleWebKit/537.11 (KHTML, like Gecko) Chrome/23.0.1271.101 Safari/537.11"
92-32-15-26.tn.glocalnet.net - - [27/Dec/2012:15:33:02 +0100] "GET /js/bootstrap-transition.js HTTP/1.1" 200 1756 "http://worldcrime.devharis.com/" "Mozilla/5.0 (Macintosh; Intel Mac OS X 10_8_2) AppleWebKit/537.11 (KHTML, like Gecko) Chrome/23.0.1271.101 Safari/537.11"
92-32-15-26.tn.glocalnet.net - - [27/Dec/2012:15:33:02 +0100] "GET /js/jquery.js HTTP/1.1" 200 266056 "http://worldcrime.devharis.com/" "Mozilla/5.0 (Macintosh; Intel Mac OS X 10_8_2) AppleWebKit/537.11 (KHTML, like Gecko) Chrome/23.0.1271.101 Safari/537.11"
92-32-15-26.tn.glocalnet.net - - [27/Dec/2012:15:33:03 +0100] "GET /js/bootstrap-button.js HTTP/1.1" 200 2841 "http://worldcrime.devharis.com/" "Mozilla/5.0 (Macintosh; Intel Mac OS X 10_8_2) AppleWebKit/537.11 (KHTML, like Gecko) Chrome/23.0.1271.101 Safari/537.11"
92-32-15-26.tn.glocalnet.net - - [27/Dec/2012:15:33:03 +0100] "GET /js/bootstrap-carousel.js HTTP/1.1" 200 5320 "http://worldcrime.devharis.com/" "Mozilla/5.0 (Macintosh; Intel Mac OS X 10_8_2) AppleWebKit/537.11 (KHTML, like Gecko) Chrome/23.0.1271.101 Safari/537.11"
92-32-15-26.tn.glocalnet.net - - [27/Dec/2012:15:33:03 +0100] "GET /js/bootstrap-collapse.js HTTP/1.1" 200 4618 "http://worldcrime.devharis.com/" "Mozilla/5.0 (Macintosh; Intel Mac OS X 10_8_2) AppleWebKit/537.11 (KHTML, like Gecko) Chrome/23.0.1271.101 Safari/537.11"
92-32-15-26.tn.glocalnet.net - - [27/Dec/2012:15:33:03 +0100] "GET /js/bootstrap-popover.js HTTP/1.1" 200 3147 "http://worldcrime.devharis.com/" "Mozilla/5.0 (Macintosh; Intel Mac OS X 10_8_2) AppleWebKit/537.11 (KHTML, like Gecko) Chrome/23.0.1271.101 Safari/537.11"
92-32-15-26.tn.glocalnet.net - - [27/Dec/2012:15:33:03 +0100] "GET /js/bootstrap-tab.js HTTP/1.1" 200 3496 "http://worldcrime.devharis.com/" "Mozilla/5.0 (Macintosh; Intel Mac OS X 10_8_2) AppleWebKit/537.11 (KHTML, like Gecko) Chrome/23.0.1271.101 Safari/537.11"
92-32-15-26.tn.glocalnet.net - - [27/Dec/2012:15:33:03 +0100] "GET /js/bootstrap-tooltip.js HTTP/1.1" 200 7921 "http://worldcrime.devharis.com/" "Mozilla/5.0 (Macintosh; Intel Mac OS X 10_8_2) AppleWebKit/537.11 (KHTML, like Gecko) Chrome/23.0.1271.101 Safari/537.11"
92-32-15-26.tn.glocalnet.net - - [27/Dec/2012:15:33:03 +0100] "GET /js/bootstrap-typeahead.js HTTP/1.1" 200 7985 "http://worldcrime.devharis.com/" "Mozilla/5.0 (Macintosh; Intel Mac OS X 10_8_2) AppleWebKit/537.11 (KHTML, like Gecko) Chrome/23.0.1271.101 Safari/537.11"
92-32-15-26.tn.glocalnet.net - - [27/Dec/2012:15:33:08 +0100] "GET /assets/ico/favicon.png HTTP/1.1" 404 220 "-" "Mozilla/5.0 (Macintosh; Intel Mac OS X 10_8_2) AppleWebKit/537.11 (KHTML, like Gecko) Chrome/23.0.1271.101 Safari/537.11"
92-32-15-26.tn.glocalnet.net - - [27/Dec/2012:15:33:35 +0100] "GET / HTTP/1.1" 200 5640 "-" "Mozilla/5.0 (Macintosh; Intel Mac OS X 10_8_2) AppleWebKit/537.11 (KHTML, like Gecko) Chrome/23.0.1271.101 Safari/537.11"
92-32-15-26.tn.glocalnet.net - - [27/Dec/2012:15:33:36 +0100] "GET /assets/ico/favicon.png HTTP/1.1" 404 220 "-" "Mozilla/5.0 (Macintosh; Intel Mac OS X 10_8_2) AppleWebKit/537.11 (KHTML, like Gecko) Chrome/23.0.1271.101 Safari/537.11"
