c-387ae255.09-12-6b6c6d10.cust.bredbandsbolaget.se - - [30/Dec/2012:13:06:25 +0100] "GET / HTTP/1.1" 200 5640 "-" "Mozilla/5.0 (Windows NT 6.1; WOW64) AppleWebKit/537.11 (KHTML, like Gecko) Chrome/23.0.1271.97 Safari/537.11"
c-387ae255.09-12-6b6c6d10.cust.bredbandsbolaget.se - - [30/Dec/2012:13:06:25 +0100] "GET /js/bootstrap-modal.js HTTP/1.1" 200 6579 "http://worldcrime.devharis.com/" "Mozilla/5.0 (Windows NT 6.1; WOW64) AppleWebKit/537.11 (KHTML, like Gecko) Chrome/23.0.1271.97 Safari/537.11"
c-387ae255.09-12-6b6c6d10.cust.bredbandsbolaget.se - - [30/Dec/2012:13:06:25 +0100] "GET /css/bootstrap-responsive.css HTTP/1.1" 200 21751 "http://worldcrime.devharis.com/" "Mozilla/5.0 (Windows NT 6.1; WOW64) AppleWebKit/537.11 (KHTML, like Gecko) Chrome/23.0.1271.97 Safari/537.11"
c-387ae255.09-12-6b6c6d10.cust.bredbandsbolaget.se - - [30/Dec/2012:13:06:25 +0100] "GET /js/bootstrap-alert.js HTTP/1.1" 200 2524 "http://worldcrime.devharis.com/" "Mozilla/5.0 (Windows NT 6.1; WOW64) AppleWebKit/537.11 (KHTML, like Gecko) Chrome/23.0.1271.97 Safari/537.11"
c-387ae255.09-12-6b6c6d10.cust.bredbandsbolaget.se - - [30/Dec/2012:13:06:25 +0100] "GET /js/bootstrap-transition.js HTTP/1.1" 200 1756 "http://worldcrime.devharis.com/" "Mozilla/5.0 (Windows NT 6.1; WOW64) AppleWebKit/537.11 (KHTML, like Gecko) Chrome/23.0.1271.97 Safari/537.11"
c-387ae255.09-12-6b6c6d10.cust.bredbandsbolaget.se - - [30/Dec/2012:13:06:25 +0100] "GET /js/bootstrap-dropdown.js HTTP/1.1" 200 4236 "http://worldcrime.devharis.com/" "Mozilla/5.0 (Windows NT 6.1; WOW64) AppleWebKit/537.11 (KHTML, like Gecko) Chrome/23.0.1271.97 Safari/537.11"
c-387ae255.09-12-6b6c6d10.cust.bredbandsbolaget.se - - [30/Dec/2012:13:06:25 +0100] "GET /js/bootstrap-tab.js HTTP/1.1" 200 3496 "http://worldcrime.devharis.com/" "Mozilla/5.0 (Windows NT 6.1; WOW64) AppleWebKit/537.11 (KHTML, like Gecko) Chrome/23.0.1271.97 Safari/537.11"
c-387ae255.09-12-6b6c6d10.cust.bredbandsbolaget.se - - [30/Dec/2012:13:06:25 +0100] "GET /js/bootstrap-scrollspy.js HTTP/1.1" 200 4610 "http://worldcrime.devharis.com/" "Mozilla/5.0 (Windows NT 6.1; WOW64) AppleWebKit/537.11 (KHTML, like Gecko) Chrome/23.0.1271.97 Safari/537.11"
c-387ae255.09-12-6b6c6d10.cust.bredbandsbolaget.se - - [30/Dec/2012:13:06:25 +0100] "GET /js/bootstrap-tooltip.js HTTP/1.1" 200 7921 "http://worldcrime.devharis.com/" "Mozilla/5.0 (Windows NT 6.1; WOW64) AppleWebKit/537.11 (KHTML, like Gecko) Chrome/23.0.1271.97 Safari/537.11"
c-387ae255.09-12-6b6c6d10.cust.bredbandsbolaget.se - - [30/Dec/2012:13:06:25 +0100] "GET /css/bootstrap.css HTTP/1.1" 200 124223 "http://worldcrime.devharis.com/" "Mozilla/5.0 (Windows NT 6.1; WOW64) AppleWebKit/537.11 (KHTML, like Gecko) Chrome/23.0.1271.97 Safari/537.11"
c-387ae255.09-12-6b6c6d10.cust.bredbandsbolaget.se - - [30/Dec/2012:13:06:25 +0100] "GET /js/bootstrap-collapse.js HTTP/1.1" 200 4618 "http://worldcrime.devharis.com/" "Mozilla/5.0 (Windows NT 6.1; WOW64) AppleWebKit/537.11 (KHTML, like Gecko) Chrome/23.0.1271.97 Safari/537.11"
c-387ae255.09-12-6b6c6d10.cust.bredbandsbolaget.se - - [30/Dec/2012:13:06:25 +0100] "GET /js/bootstrap-button.js HTTP/1.1" 200 2841 "http://worldcrime.devharis.com/" "Mozilla/5.0 (Windows NT 6.1; WOW64) AppleWebKit/537.11 (KHTML, like Gecko) Chrome/23.0.1271.97 Safari/537.11"
c-387ae255.09-12-6b6c6d10.cust.bredbandsbolaget.se - - [30/Dec/2012:13:06:25 +0100] "GET /js/bootstrap-popover.js HTTP/1.1" 200 3147 "http://worldcrime.devharis.com/" "Mozilla/5.0 (Windows NT 6.1; WOW64) AppleWebKit/537.11 (KHTML, like Gecko) Chrome/23.0.1271.97 Safari/537.11"
c-387ae255.09-12-6b6c6d10.cust.bredbandsbolaget.se - - [30/Dec/2012:13:06:25 +0100] "GET /js/bootstrap-carousel.js HTTP/1.1" 200 5320 "http://worldcrime.devharis.com/" "Mozilla/5.0 (Windows NT 6.1; WOW64) AppleWebKit/537.11 (KHTML, like Gecko) Chrome/23.0.1271.97 Safari/537.11"
c-387ae255.09-12-6b6c6d10.cust.bredbandsbolaget.se - - [30/Dec/2012:13:06:25 +0100] "GET /js/jquery.js HTTP/1.1" 200 266056 "http://worldcrime.devharis.com/" "Mozilla/5.0 (Windows NT 6.1; WOW64) AppleWebKit/537.11 (KHTML, like Gecko) Chrome/23.0.1271.97 Safari/537.11"
c-387ae255.09-12-6b6c6d10.cust.bredbandsbolaget.se - - [30/Dec/2012:13:06:25 +0100] "GET /js/bootstrap-typeahead.js HTTP/1.1" 200 7985 "http://worldcrime.devharis.com/" "Mozilla/5.0 (Windows NT 6.1; WOW64) AppleWebKit/537.11 (KHTML, like Gecko) Chrome/23.0.1271.97 Safari/537.11"
c-387ae255.09-12-6b6c6d10.cust.bredbandsbolaget.se - - [30/Dec/2012:13:06:26 +0100] "GET /assets/ico/favicon.png HTTP/1.1" 404 220 "-" "Mozilla/5.0 (Windows NT 6.1; WOW64) AppleWebKit/537.11 (KHTML, like Gecko) Chrome/23.0.1271.97 Safari/537.11"
c-387ae255.09-12-6b6c6d10.cust.bredbandsbolaget.se - - [30/Dec/2012:13:06:28 +0100] "GET /assets/ico/favicon.png HTTP/1.1" 404 220 "-" "Mozilla/5.0 (Windows NT 6.1; WOW64) AppleWebKit/537.11 (KHTML, like Gecko) Chrome/23.0.1271.97 Safari/537.11"
c-387ae255.09-12-6b6c6d10.cust.bredbandsbolaget.se - - [30/Dec/2012:13:06:28 +0100] "GET /assets/ico/favicon.png HTTP/1.1" 404 220 "-" "Mozilla/5.0 (Windows NT 6.1; WOW64) AppleWebKit/537.11 (KHTML, like Gecko) Chrome/23.0.1271.97 Safari/537.11"
c-387ae255.09-12-6b6c6d10.cust.bredbandsbolaget.se - - [30/Dec/2012:13:21:08 +0100] "GET / HTTP/1.1" 200 5918 "-" "Mozilla/5.0 (Windows NT 6.1; WOW64) AppleWebKit/537.11 (KHTML, like Gecko) Chrome/23.0.1271.97 Safari/537.11"
c-387ae255.09-12-6b6c6d10.cust.bredbandsbolaget.se - - [30/Dec/2012:13:21:08 +0100] "GET /css/bootstrap-responsive.css HTTP/1.1" 304 - "http://worldcrime.devharis.com/" "Mozilla/5.0 (Windows NT 6.1; WOW64) AppleWebKit/537.11 (KHTML, like Gecko) Chrome/23.0.1271.97 Safari/537.11"
c-387ae255.09-12-6b6c6d10.cust.bredbandsbolaget.se - - [30/Dec/2012:13:21:08 +0100] "GET /css/bootstrap.css HTTP/1.1" 304 - "http://worldcrime.devharis.com/" "Mozilla/5.0 (Windows NT 6.1; WOW64) AppleWebKit/537.11 (KHTML, like Gecko) Chrome/23.0.1271.97 Safari/537.11"
c-387ae255.09-12-6b6c6d10.cust.bredbandsbolaget.se - - [30/Dec/2012:13:21:08 +0100] "GET /js/jquery.js HTTP/1.1" 304 - "http://worldcrime.devharis.com/" "Mozilla/5.0 (Windows NT 6.1; WOW64) AppleWebKit/537.11 (KHTML, like Gecko) Chrome/23.0.1271.97 Safari/537.11"
c-387ae255.09-12-6b6c6d10.cust.bredbandsbolaget.se - - [30/Dec/2012:13:21:08 +0100] "GET /js/bootstrap-transition.js HTTP/1.1" 304 - "http://worldcrime.devharis.com/" "Mozilla/5.0 (Windows NT 6.1; WOW64) AppleWebKit/537.11 (KHTML, like Gecko) Chrome/23.0.1271.97 Safari/537.11"
c-387ae255.09-12-6b6c6d10.cust.bredbandsbolaget.se - - [30/Dec/2012:13:21:08 +0100] "GET /js/bootstrap-alert.js HTTP/1.1" 304 - "http://worldcrime.devharis.com/" "Mozilla/5.0 (Windows NT 6.1; WOW64) AppleWebKit/537.11 (KHTML, like Gecko) Chrome/23.0.1271.97 Safari/537.11"
c-387ae255.09-12-6b6c6d10.cust.bredbandsbolaget.se - - [30/Dec/2012:13:21:08 +0100] "GET /js/bootstrap-modal.js HTTP/1.1" 304 - "http://worldcrime.devharis.com/" "Mozilla/5.0 (Windows NT 6.1; WOW64) AppleWebKit/537.11 (KHTML, like Gecko) Chrome/23.0.1271.97 Safari/537.11"
c-387ae255.09-12-6b6c6d10.cust.bredbandsbolaget.se - - [30/Dec/2012:13:21:08 +0100] "GET /js/bootstrap-dropdown.js HTTP/1.1" 304 - "http://worldcrime.devharis.com/" "Mozilla/5.0 (Windows NT 6.1; WOW64) AppleWebKit/537.11 (KHTML, like Gecko) Chrome/23.0.1271.97 Safari/537.11"
c-387ae255.09-12-6b6c6d10.cust.bredbandsbolaget.se - - [30/Dec/2012:13:21:08 +0100] "GET /js/bootstrap-scrollspy.js HTTP/1.1" 304 - "http://worldcrime.devharis.com/" "Mozilla/5.0 (Windows NT 6.1; WOW64) AppleWebKit/537.11 (KHTML, like Gecko) Chrome/23.0.1271.97 Safari/537.11"
c-387ae255.09-12-6b6c6d10.cust.bredbandsbolaget.se - - [30/Dec/2012:13:21:08 +0100] "GET /js/bootstrap-tab.js HTTP/1.1" 304 - "http://worldcrime.devharis.com/" "Mozilla/5.0 (Windows NT 6.1; WOW64) AppleWebKit/537.11 (KHTML, like Gecko) Chrome/23.0.1271.97 Safari/537.11"
c-387ae255.09-12-6b6c6d10.cust.bredbandsbolaget.se - - [30/Dec/2012:13:21:08 +0100] "GET /js/bootstrap-tooltip.js HTTP/1.1" 304 - "http://worldcrime.devharis.com/" "Mozilla/5.0 (Windows NT 6.1; WOW64) AppleWebKit/537.11 (KHTML, like Gecko) Chrome/23.0.1271.97 Safari/537.11"
c-387ae255.09-12-6b6c6d10.cust.bredbandsbolaget.se - - [30/Dec/2012:13:21:08 +0100] "GET /js/bootstrap-button.js HTTP/1.1" 304 - "http://worldcrime.devharis.com/" "Mozilla/5.0 (Windows NT 6.1; WOW64) AppleWebKit/537.11 (KHTML, like Gecko) Chrome/23.0.1271.97 Safari/537.11"
c-387ae255.09-12-6b6c6d10.cust.bredbandsbolaget.se - - [30/Dec/2012:13:21:08 +0100] "GET /js/bootstrap-popover.js HTTP/1.1" 304 - "http://worldcrime.devharis.com/" "Mozilla/5.0 (Windows NT 6.1; WOW64) AppleWebKit/537.11 (KHTML, like Gecko) Chrome/23.0.1271.97 Safari/537.11"
c-387ae255.09-12-6b6c6d10.cust.bredbandsbolaget.se - - [30/Dec/2012:13:21:08 +0100] "GET /js/bootstrap-collapse.js HTTP/1.1" 304 - "http://worldcrime.devharis.com/" "Mozilla/5.0 (Windows NT 6.1; WOW64) AppleWebKit/537.11 (KHTML, like Gecko) Chrome/23.0.1271.97 Safari/537.11"
c-387ae255.09-12-6b6c6d10.cust.bredbandsbolaget.se - - [30/Dec/2012:13:21:08 +0100] "GET /js/bootstrap-carousel.js HTTP/1.1" 304 - "http://worldcrime.devharis.com/" "Mozilla/5.0 (Windows NT 6.1; WOW64) AppleWebKit/537.11 (KHTML, like Gecko) Chrome/23.0.1271.97 Safari/537.11"
c-387ae255.09-12-6b6c6d10.cust.bredbandsbolaget.se - - [30/Dec/2012:13:21:08 +0100] "GET /js/bootstrap-typeahead.js HTTP/1.1" 304 - "http://worldcrime.devharis.com/" "Mozilla/5.0 (Windows NT 6.1; WOW64) AppleWebKit/537.11 (KHTML, like Gecko) Chrome/23.0.1271.97 Safari/537.11"
c-387ae255.09-12-6b6c6d10.cust.bredbandsbolaget.se - - [30/Dec/2012:13:21:08 +0100] "GET /assets/ico/favicon.png HTTP/1.1" 404 220 "-" "Mozilla/5.0 (Windows NT 6.1; WOW64) AppleWebKit/537.11 (KHTML, like Gecko) Chrome/23.0.1271.97 Safari/537.11"
c-387ae255.09-12-6b6c6d10.cust.bredbandsbolaget.se - - [30/Dec/2012:13:21:09 +0100] "GET /assets/ico/favicon.png HTTP/1.1" 404 220 "-" "Mozilla/5.0 (Windows NT 6.1; WOW64) AppleWebKit/537.11 (KHTML, like Gecko) Chrome/23.0.1271.97 Safari/537.11"
c-387ae255.09-12-6b6c6d10.cust.bredbandsbolaget.se - - [30/Dec/2012:13:21:09 +0100] "GET /assets/ico/favicon.png HTTP/1.1" 404 220 "-" "Mozilla/5.0 (Windows NT 6.1; WOW64) AppleWebKit/537.11 (KHTML, like Gecko) Chrome/23.0.1271.97 Safari/537.11"
c-387ae255.09-12-6b6c6d10.cust.bredbandsbolaget.se - - [30/Dec/2012:13:22:19 +0100] "GET / HTTP/1.1" 200 5924 "-" "Mozilla/5.0 (Windows NT 6.1; WOW64) AppleWebKit/537.11 (KHTML, like Gecko) Chrome/23.0.1271.97 Safari/537.11"
c-387ae255.09-12-6b6c6d10.cust.bredbandsbolaget.se - - [30/Dec/2012:13:22:19 +0100] "GET /css/bootstrap.css HTTP/1.1" 304 - "http://worldcrime.devharis.com/" "Mozilla/5.0 (Windows NT 6.1; WOW64) AppleWebKit/537.11 (KHTML, like Gecko) Chrome/23.0.1271.97 Safari/537.11"
c-387ae255.09-12-6b6c6d10.cust.bredbandsbolaget.se - - [30/Dec/2012:13:22:19 +0100] "GET /css/bootstrap-responsive.css HTTP/1.1" 304 - "http://worldcrime.devharis.com/" "Mozilla/5.0 (Windows NT 6.1; WOW64) AppleWebKit/537.11 (KHTML, like Gecko) Chrome/23.0.1271.97 Safari/537.11"
c-387ae255.09-12-6b6c6d10.cust.bredbandsbolaget.se - - [30/Dec/2012:13:22:19 +0100] "GET /js/bootstrap-alert.js HTTP/1.1" 304 - "http://worldcrime.devharis.com/" "Mozilla/5.0 (Windows NT 6.1; WOW64) AppleWebKit/537.11 (KHTML, like Gecko) Chrome/23.0.1271.97 Safari/537.11"
c-387ae255.09-12-6b6c6d10.cust.bredbandsbolaget.se - - [30/Dec/2012:13:22:19 +0100] "GET /js/bootstrap-modal.js HTTP/1.1" 304 - "http://worldcrime.devharis.com/" "Mozilla/5.0 (Windows NT 6.1; WOW64) AppleWebKit/537.11 (KHTML, like Gecko) Chrome/23.0.1271.97 Safari/537.11"
c-387ae255.09-12-6b6c6d10.cust.bredbandsbolaget.se - - [30/Dec/2012:13:22:19 +0100] "GET /js/bootstrap-transition.js HTTP/1.1" 304 - "http://worldcrime.devharis.com/" "Mozilla/5.0 (Windows NT 6.1; WOW64) AppleWebKit/537.11 (KHTML, like Gecko) Chrome/23.0.1271.97 Safari/537.11"
c-387ae255.09-12-6b6c6d10.cust.bredbandsbolaget.se - - [30/Dec/2012:13:22:19 +0100] "GET /js/jquery.js HTTP/1.1" 304 - "http://worldcrime.devharis.com/" "Mozilla/5.0 (Windows NT 6.1; WOW64) AppleWebKit/537.11 (KHTML, like Gecko) Chrome/23.0.1271.97 Safari/537.11"
c-387ae255.09-12-6b6c6d10.cust.bredbandsbolaget.se - - [30/Dec/2012:13:22:19 +0100] "GET /js/bootstrap-dropdown.js HTTP/1.1" 304 - "http://worldcrime.devharis.com/" "Mozilla/5.0 (Windows NT 6.1; WOW64) AppleWebKit/537.11 (KHTML, like Gecko) Chrome/23.0.1271.97 Safari/537.11"
c-387ae255.09-12-6b6c6d10.cust.bredbandsbolaget.se - - [30/Dec/2012:13:22:19 +0100] "GET /js/bootstrap-scrollspy.js HTTP/1.1" 304 - "http://worldcrime.devharis.com/" "Mozilla/5.0 (Windows NT 6.1; WOW64) AppleWebKit/537.11 (KHTML, like Gecko) Chrome/23.0.1271.97 Safari/537.11"
c-387ae255.09-12-6b6c6d10.cust.bredbandsbolaget.se - - [30/Dec/2012:13:22:19 +0100] "GET /js/bootstrap-tab.js HTTP/1.1" 304 - "http://worldcrime.devharis.com/" "Mozilla/5.0 (Windows NT 6.1; WOW64) AppleWebKit/537.11 (KHTML, like Gecko) Chrome/23.0.1271.97 Safari/537.11"
c-387ae255.09-12-6b6c6d10.cust.bredbandsbolaget.se - - [30/Dec/2012:13:22:19 +0100] "GET /js/bootstrap-popover.js HTTP/1.1" 304 - "http://worldcrime.devharis.com/" "Mozilla/5.0 (Windows NT 6.1; WOW64) AppleWebKit/537.11 (KHTML, like Gecko) Chrome/23.0.1271.97 Safari/537.11"
c-387ae255.09-12-6b6c6d10.cust.bredbandsbolaget.se - - [30/Dec/2012:13:22:19 +0100] "GET /js/bootstrap-button.js HTTP/1.1" 304 - "http://worldcrime.devharis.com/" "Mozilla/5.0 (Windows NT 6.1; WOW64) AppleWebKit/537.11 (KHTML, like Gecko) Chrome/23.0.1271.97 Safari/537.11"
c-387ae255.09-12-6b6c6d10.cust.bredbandsbolaget.se - - [30/Dec/2012:13:22:19 +0100] "GET /js/bootstrap-tooltip.js HTTP/1.1" 304 - "http://worldcrime.devharis.com/" "Mozilla/5.0 (Windows NT 6.1; WOW64) AppleWebKit/537.11 (KHTML, like Gecko) Chrome/23.0.1271.97 Safari/537.11"
c-387ae255.09-12-6b6c6d10.cust.bredbandsbolaget.se - - [30/Dec/2012:13:22:19 +0100] "GET /js/bootstrap-collapse.js HTTP/1.1" 304 - "http://worldcrime.devharis.com/" "Mozilla/5.0 (Windows NT 6.1; WOW64) AppleWebKit/537.11 (KHTML, like Gecko) Chrome/23.0.1271.97 Safari/537.11"
c-387ae255.09-12-6b6c6d10.cust.bredbandsbolaget.se - - [30/Dec/2012:13:22:19 +0100] "GET /js/bootstrap-carousel.js HTTP/1.1" 304 - "http://worldcrime.devharis.com/" "Mozilla/5.0 (Windows NT 6.1; WOW64) AppleWebKit/537.11 (KHTML, like Gecko) Chrome/23.0.1271.97 Safari/537.11"
c-387ae255.09-12-6b6c6d10.cust.bredbandsbolaget.se - - [30/Dec/2012:13:22:19 +0100] "GET /js/bootstrap-typeahead.js HTTP/1.1" 304 - "http://worldcrime.devharis.com/" "Mozilla/5.0 (Windows NT 6.1; WOW64) AppleWebKit/537.11 (KHTML, like Gecko) Chrome/23.0.1271.97 Safari/537.11"
c-387ae255.09-12-6b6c6d10.cust.bredbandsbolaget.se - - [30/Dec/2012:13:22:19 +0100] "GET /assets/ico/favicon.png HTTP/1.1" 404 220 "-" "Mozilla/5.0 (Windows NT 6.1; WOW64) AppleWebKit/537.11 (KHTML, like Gecko) Chrome/23.0.1271.97 Safari/537.11"
c-387ae255.09-12-6b6c6d10.cust.bredbandsbolaget.se - - [30/Dec/2012:13:22:20 +0100] "GET /assets/ico/favicon.png HTTP/1.1" 404 220 "-" "Mozilla/5.0 (Windows NT 6.1; WOW64) AppleWebKit/537.11 (KHTML, like Gecko) Chrome/23.0.1271.97 Safari/537.11"
c-387ae255.09-12-6b6c6d10.cust.bredbandsbolaget.se - - [30/Dec/2012:13:22:20 +0100] "GET /assets/ico/favicon.png HTTP/1.1" 404 220 "-" "Mozilla/5.0 (Windows NT 6.1; WOW64) AppleWebKit/537.11 (KHTML, like Gecko) Chrome/23.0.1271.97 Safari/537.11"
c-387ae255.09-12-6b6c6d10.cust.bredbandsbolaget.se - - [30/Dec/2012:13:25:45 +0100] "GET / HTTP/1.1" 200 6300 "-" "Mozilla/5.0 (Windows NT 6.1; WOW64) AppleWebKit/537.11 (KHTML, like Gecko) Chrome/23.0.1271.97 Safari/537.11"
c-387ae255.09-12-6b6c6d10.cust.bredbandsbolaget.se - - [30/Dec/2012:13:25:45 +0100] "GET /css/bootstrap.css HTTP/1.1" 304 - "http://worldcrime.devharis.com/" "Mozilla/5.0 (Windows NT 6.1; WOW64) AppleWebKit/537.11 (KHTML, like Gecko) Chrome/23.0.1271.97 Safari/537.11"
c-387ae255.09-12-6b6c6d10.cust.bredbandsbolaget.se - - [30/Dec/2012:13:25:45 +0100] "GET /css/bootstrap-responsive.css HTTP/1.1" 304 - "http://worldcrime.devharis.com/" "Mozilla/5.0 (Windows NT 6.1; WOW64) AppleWebKit/537.11 (KHTML, like Gecko) Chrome/23.0.1271.97 Safari/537.11"
c-387ae255.09-12-6b6c6d10.cust.bredbandsbolaget.se - - [30/Dec/2012:13:25:45 +0100] "GET /js/jquery.js HTTP/1.1" 304 - "http://worldcrime.devharis.com/" "Mozilla/5.0 (Windows NT 6.1; WOW64) AppleWebKit/537.11 (KHTML, like Gecko) Chrome/23.0.1271.97 Safari/537.11"
c-387ae255.09-12-6b6c6d10.cust.bredbandsbolaget.se - - [30/Dec/2012:13:25:45 +0100] "GET /js/bootstrap-transition.js HTTP/1.1" 304 - "http://worldcrime.devharis.com/" "Mozilla/5.0 (Windows NT 6.1; WOW64) AppleWebKit/537.11 (KHTML, like Gecko) Chrome/23.0.1271.97 Safari/537.11"
c-387ae255.09-12-6b6c6d10.cust.bredbandsbolaget.se - - [30/Dec/2012:13:25:45 +0100] "GET /js/bootstrap-alert.js HTTP/1.1" 304 - "http://worldcrime.devharis.com/" "Mozilla/5.0 (Windows NT 6.1; WOW64) AppleWebKit/537.11 (KHTML, like Gecko) Chrome/23.0.1271.97 Safari/537.11"
c-387ae255.09-12-6b6c6d10.cust.bredbandsbolaget.se - - [30/Dec/2012:13:25:45 +0100] "GET /js/bootstrap-modal.js HTTP/1.1" 304 - "http://worldcrime.devharis.com/" "Mozilla/5.0 (Windows NT 6.1; WOW64) AppleWebKit/537.11 (KHTML, like Gecko) Chrome/23.0.1271.97 Safari/537.11"
c-387ae255.09-12-6b6c6d10.cust.bredbandsbolaget.se - - [30/Dec/2012:13:25:45 +0100] "GET /js/bootstrap-dropdown.js HTTP/1.1" 304 - "http://worldcrime.devharis.com/" "Mozilla/5.0 (Windows NT 6.1; WOW64) AppleWebKit/537.11 (KHTML, like Gecko) Chrome/23.0.1271.97 Safari/537.11"
c-387ae255.09-12-6b6c6d10.cust.bredbandsbolaget.se - - [30/Dec/2012:13:25:45 +0100] "GET /js/bootstrap-scrollspy.js HTTP/1.1" 304 - "http://worldcrime.devharis.com/" "Mozilla/5.0 (Windows NT 6.1; WOW64) AppleWebKit/537.11 (KHTML, like Gecko) Chrome/23.0.1271.97 Safari/537.11"
c-387ae255.09-12-6b6c6d10.cust.bredbandsbolaget.se - - [30/Dec/2012:13:25:45 +0100] "GET /js/bootstrap-tooltip.js HTTP/1.1" 304 - "http://worldcrime.devharis.com/" "Mozilla/5.0 (Windows NT 6.1; WOW64) AppleWebKit/537.11 (KHTML, like Gecko) Chrome/23.0.1271.97 Safari/537.11"
c-387ae255.09-12-6b6c6d10.cust.bredbandsbolaget.se - - [30/Dec/2012:13:25:45 +0100] "GET /js/bootstrap-tab.js HTTP/1.1" 304 - "http://worldcrime.devharis.com/" "Mozilla/5.0 (Windows NT 6.1; WOW64) AppleWebKit/537.11 (KHTML, like Gecko) Chrome/23.0.1271.97 Safari/537.11"
c-387ae255.09-12-6b6c6d10.cust.bredbandsbolaget.se - - [30/Dec/2012:13:25:45 +0100] "GET /js/bootstrap-button.js HTTP/1.1" 304 - "http://worldcrime.devharis.com/" "Mozilla/5.0 (Windows NT 6.1; WOW64) AppleWebKit/537.11 (KHTML, like Gecko) Chrome/23.0.1271.97 Safari/537.11"
c-387ae255.09-12-6b6c6d10.cust.bredbandsbolaget.se - - [30/Dec/2012:13:25:45 +0100] "GET /js/bootstrap-popover.js HTTP/1.1" 304 - "http://worldcrime.devharis.com/" "Mozilla/5.0 (Windows NT 6.1; WOW64) AppleWebKit/537.11 (KHTML, like Gecko) Chrome/23.0.1271.97 Safari/537.11"
c-387ae255.09-12-6b6c6d10.cust.bredbandsbolaget.se - - [30/Dec/2012:13:25:45 +0100] "GET /js/bootstrap-collapse.js HTTP/1.1" 304 - "http://worldcrime.devharis.com/" "Mozilla/5.0 (Windows NT 6.1; WOW64) AppleWebKit/537.11 (KHTML, like Gecko) Chrome/23.0.1271.97 Safari/537.11"
c-387ae255.09-12-6b6c6d10.cust.bredbandsbolaget.se - - [30/Dec/2012:13:25:45 +0100] "GET /js/bootstrap-carousel.js HTTP/1.1" 304 - "http://worldcrime.devharis.com/" "Mozilla/5.0 (Windows NT 6.1; WOW64) AppleWebKit/537.11 (KHTML, like Gecko) Chrome/23.0.1271.97 Safari/537.11"
c-387ae255.09-12-6b6c6d10.cust.bredbandsbolaget.se - - [30/Dec/2012:13:25:45 +0100] "GET /js/bootstrap-typeahead.js HTTP/1.1" 304 - "http://worldcrime.devharis.com/" "Mozilla/5.0 (Windows NT 6.1; WOW64) AppleWebKit/537.11 (KHTML, like Gecko) Chrome/23.0.1271.97 Safari/537.11"
c-387ae255.09-12-6b6c6d10.cust.bredbandsbolaget.se - - [30/Dec/2012:13:25:45 +0100] "GET /assets/ico/favicon.png HTTP/1.1" 404 220 "-" "Mozilla/5.0 (Windows NT 6.1; WOW64) AppleWebKit/537.11 (KHTML, like Gecko) Chrome/23.0.1271.97 Safari/537.11"
c-387ae255.09-12-6b6c6d10.cust.bredbandsbolaget.se - - [30/Dec/2012:13:25:46 +0100] "GET /assets/ico/favicon.png HTTP/1.1" 404 220 "-" "Mozilla/5.0 (Windows NT 6.1; WOW64) AppleWebKit/537.11 (KHTML, like Gecko) Chrome/23.0.1271.97 Safari/537.11"
c-387ae255.09-12-6b6c6d10.cust.bredbandsbolaget.se - - [30/Dec/2012:13:25:46 +0100] "GET /assets/ico/favicon.png HTTP/1.1" 404 220 "-" "Mozilla/5.0 (Windows NT 6.1; WOW64) AppleWebKit/537.11 (KHTML, like Gecko) Chrome/23.0.1271.97 Safari/537.11"
c-387ae255.09-12-6b6c6d10.cust.bredbandsbolaget.se - - [30/Dec/2012:13:27:48 +0100] "GET / HTTP/1.1" 200 6240 "-" "Mozilla/5.0 (Windows NT 6.1; WOW64) AppleWebKit/537.11 (KHTML, like Gecko) Chrome/23.0.1271.97 Safari/537.11"
c-387ae255.09-12-6b6c6d10.cust.bredbandsbolaget.se - - [30/Dec/2012:13:27:48 +0100] "GET /css/bootstrap.css HTTP/1.1" 304 - "http://worldcrime.devharis.com/" "Mozilla/5.0 (Windows NT 6.1; WOW64) AppleWebKit/537.11 (KHTML, like Gecko) Chrome/23.0.1271.97 Safari/537.11"
c-387ae255.09-12-6b6c6d10.cust.bredbandsbolaget.se - - [30/Dec/2012:13:27:48 +0100] "GET /css/bootstrap-responsive.css HTTP/1.1" 304 - "http://worldcrime.devharis.com/" "Mozilla/5.0 (Windows NT 6.1; WOW64) AppleWebKit/537.11 (KHTML, like Gecko) Chrome/23.0.1271.97 Safari/537.11"
c-387ae255.09-12-6b6c6d10.cust.bredbandsbolaget.se - - [30/Dec/2012:13:27:48 +0100] "GET /js/jquery.js HTTP/1.1" 304 - "http://worldcrime.devharis.com/" "Mozilla/5.0 (Windows NT 6.1; WOW64) AppleWebKit/537.11 (KHTML, like Gecko) Chrome/23.0.1271.97 Safari/537.11"
c-387ae255.09-12-6b6c6d10.cust.bredbandsbolaget.se - - [30/Dec/2012:13:27:48 +0100] "GET /js/bootstrap-alert.js HTTP/1.1" 304 - "http://worldcrime.devharis.com/" "Mozilla/5.0 (Windows NT 6.1; WOW64) AppleWebKit/537.11 (KHTML, like Gecko) Chrome/23.0.1271.97 Safari/537.11"
c-387ae255.09-12-6b6c6d10.cust.bredbandsbolaget.se - - [30/Dec/2012:13:27:48 +0100] "GET /js/bootstrap-transition.js HTTP/1.1" 304 - "http://worldcrime.devharis.com/" "Mozilla/5.0 (Windows NT 6.1; WOW64) AppleWebKit/537.11 (KHTML, like Gecko) Chrome/23.0.1271.97 Safari/537.11"
c-387ae255.09-12-6b6c6d10.cust.bredbandsbolaget.se - - [30/Dec/2012:13:27:48 +0100] "GET /js/bootstrap-modal.js HTTP/1.1" 304 - "http://worldcrime.devharis.com/" "Mozilla/5.0 (Windows NT 6.1; WOW64) AppleWebKit/537.11 (KHTML, like Gecko) Chrome/23.0.1271.97 Safari/537.11"
c-387ae255.09-12-6b6c6d10.cust.bredbandsbolaget.se - - [30/Dec/2012:13:27:48 +0100] "GET /js/bootstrap-dropdown.js HTTP/1.1" 304 - "http://worldcrime.devharis.com/" "Mozilla/5.0 (Windows NT 6.1; WOW64) AppleWebKit/537.11 (KHTML, like Gecko) Chrome/23.0.1271.97 Safari/537.11"
c-387ae255.09-12-6b6c6d10.cust.bredbandsbolaget.se - - [30/Dec/2012:13:27:48 +0100] "GET /js/bootstrap-scrollspy.js HTTP/1.1" 304 - "http://worldcrime.devharis.com/" "Mozilla/5.0 (Windows NT 6.1; WOW64) AppleWebKit/537.11 (KHTML, like Gecko) Chrome/23.0.1271.97 Safari/537.11"
c-387ae255.09-12-6b6c6d10.cust.bredbandsbolaget.se - - [30/Dec/2012:13:27:48 +0100] "GET /js/bootstrap-tab.js HTTP/1.1" 304 - "http://worldcrime.devharis.com/" "Mozilla/5.0 (Windows NT 6.1; WOW64) AppleWebKit/537.11 (KHTML, like Gecko) Chrome/23.0.1271.97 Safari/537.11"
c-387ae255.09-12-6b6c6d10.cust.bredbandsbolaget.se - - [30/Dec/2012:13:27:48 +0100] "GET /js/bootstrap-tooltip.js HTTP/1.1" 304 - "http://worldcrime.devharis.com/" "Mozilla/5.0 (Windows NT 6.1; WOW64) AppleWebKit/537.11 (KHTML, like Gecko) Chrome/23.0.1271.97 Safari/537.11"
c-387ae255.09-12-6b6c6d10.cust.bredbandsbolaget.se - - [30/Dec/2012:13:27:48 +0100] "GET /js/bootstrap-popover.js HTTP/1.1" 304 - "http://worldcrime.devharis.com/" "Mozilla/5.0 (Windows NT 6.1; WOW64) AppleWebKit/537.11 (KHTML, like Gecko) Chrome/23.0.1271.97 Safari/537.11"
c-387ae255.09-12-6b6c6d10.cust.bredbandsbolaget.se - - [30/Dec/2012:13:27:48 +0100] "GET /js/bootstrap-button.js HTTP/1.1" 304 - "http://worldcrime.devharis.com/" "Mozilla/5.0 (Windows NT 6.1; WOW64) AppleWebKit/537.11 (KHTML, like Gecko) Chrome/23.0.1271.97 Safari/537.11"
c-387ae255.09-12-6b6c6d10.cust.bredbandsbolaget.se - - [30/Dec/2012:13:27:49 +0100] "GET /js/bootstrap-collapse.js HTTP/1.1" 304 - "http://worldcrime.devharis.com/" "Mozilla/5.0 (Windows NT 6.1; WOW64) AppleWebKit/537.11 (KHTML, like Gecko) Chrome/23.0.1271.97 Safari/537.11"
c-387ae255.09-12-6b6c6d10.cust.bredbandsbolaget.se - - [30/Dec/2012:13:27:49 +0100] "GET /js/bootstrap-carousel.js HTTP/1.1" 304 - "http://worldcrime.devharis.com/" "Mozilla/5.0 (Windows NT 6.1; WOW64) AppleWebKit/537.11 (KHTML, like Gecko) Chrome/23.0.1271.97 Safari/537.11"
c-387ae255.09-12-6b6c6d10.cust.bredbandsbolaget.se - - [30/Dec/2012:13:27:49 +0100] "GET /js/bootstrap-typeahead.js HTTP/1.1" 304 - "http://worldcrime.devharis.com/" "Mozilla/5.0 (Windows NT 6.1; WOW64) AppleWebKit/537.11 (KHTML, like Gecko) Chrome/23.0.1271.97 Safari/537.11"
c-387ae255.09-12-6b6c6d10.cust.bredbandsbolaget.se - - [30/Dec/2012:13:27:49 +0100] "GET /assets/ico/favicon.png HTTP/1.1" 404 220 "-" "Mozilla/5.0 (Windows NT 6.1; WOW64) AppleWebKit/537.11 (KHTML, like Gecko) Chrome/23.0.1271.97 Safari/537.11"
c-387ae255.09-12-6b6c6d10.cust.bredbandsbolaget.se - - [30/Dec/2012:13:27:49 +0100] "GET /assets/ico/favicon.png HTTP/1.1" 404 220 "-" "Mozilla/5.0 (Windows NT 6.1; WOW64) AppleWebKit/537.11 (KHTML, like Gecko) Chrome/23.0.1271.97 Safari/537.11"
c-387ae255.09-12-6b6c6d10.cust.bredbandsbolaget.se - - [30/Dec/2012:13:27:49 +0100] "GET /assets/ico/favicon.png HTTP/1.1" 404 220 "-" "Mozilla/5.0 (Windows NT 6.1; WOW64) AppleWebKit/537.11 (KHTML, like Gecko) Chrome/23.0.1271.97 Safari/537.11"
c-387ae255.09-12-6b6c6d10.cust.bredbandsbolaget.se - - [30/Dec/2012:13:33:05 +0100] "GET / HTTP/1.1" 200 6248 "-" "Mozilla/5.0 (Windows NT 6.1; WOW64) AppleWebKit/537.11 (KHTML, like Gecko) Chrome/23.0.1271.97 Safari/537.11"
c-387ae255.09-12-6b6c6d10.cust.bredbandsbolaget.se - - [30/Dec/2012:13:33:05 +0100] "GET /css/bootstrap.css HTTP/1.1" 304 - "http://worldcrime.devharis.com/" "Mozilla/5.0 (Windows NT 6.1; WOW64) AppleWebKit/537.11 (KHTML, like Gecko) Chrome/23.0.1271.97 Safari/537.11"
c-387ae255.09-12-6b6c6d10.cust.bredbandsbolaget.se - - [30/Dec/2012:13:33:05 +0100] "GET /css/bootstrap-responsive.css HTTP/1.1" 304 - "http://worldcrime.devharis.com/" "Mozilla/5.0 (Windows NT 6.1; WOW64) AppleWebKit/537.11 (KHTML, like Gecko) Chrome/23.0.1271.97 Safari/537.11"
c-387ae255.09-12-6b6c6d10.cust.bredbandsbolaget.se - - [30/Dec/2012:13:33:05 +0100] "GET /js/jquery.js HTTP/1.1" 304 - "http://worldcrime.devharis.com/" "Mozilla/5.0 (Windows NT 6.1; WOW64) AppleWebKit/537.11 (KHTML, like Gecko) Chrome/23.0.1271.97 Safari/537.11"
c-387ae255.09-12-6b6c6d10.cust.bredbandsbolaget.se - - [30/Dec/2012:13:33:05 +0100] "GET /js/bootstrap-transition.js HTTP/1.1" 304 - "http://worldcrime.devharis.com/" "Mozilla/5.0 (Windows NT 6.1; WOW64) AppleWebKit/537.11 (KHTML, like Gecko) Chrome/23.0.1271.97 Safari/537.11"
c-387ae255.09-12-6b6c6d10.cust.bredbandsbolaget.se - - [30/Dec/2012:13:33:05 +0100] "GET /js/bootstrap-alert.js HTTP/1.1" 304 - "http://worldcrime.devharis.com/" "Mozilla/5.0 (Windows NT 6.1; WOW64) AppleWebKit/537.11 (KHTML, like Gecko) Chrome/23.0.1271.97 Safari/537.11"
c-387ae255.09-12-6b6c6d10.cust.bredbandsbolaget.se - - [30/Dec/2012:13:33:05 +0100] "GET /js/bootstrap-modal.js HTTP/1.1" 304 - "http://worldcrime.devharis.com/" "Mozilla/5.0 (Windows NT 6.1; WOW64) AppleWebKit/537.11 (KHTML, like Gecko) Chrome/23.0.1271.97 Safari/537.11"
c-387ae255.09-12-6b6c6d10.cust.bredbandsbolaget.se - - [30/Dec/2012:13:33:05 +0100] "GET /js/bootstrap-scrollspy.js HTTP/1.1" 304 - "http://worldcrime.devharis.com/" "Mozilla/5.0 (Windows NT 6.1; WOW64) AppleWebKit/537.11 (KHTML, like Gecko) Chrome/23.0.1271.97 Safari/537.11"
c-387ae255.09-12-6b6c6d10.cust.bredbandsbolaget.se - - [30/Dec/2012:13:33:05 +0100] "GET /js/bootstrap-tab.js HTTP/1.1" 304 - "http://worldcrime.devharis.com/" "Mozilla/5.0 (Windows NT 6.1; WOW64) AppleWebKit/537.11 (KHTML, like Gecko) Chrome/23.0.1271.97 Safari/537.11"
c-387ae255.09-12-6b6c6d10.cust.bredbandsbolaget.se - - [30/Dec/2012:13:33:05 +0100] "GET /js/bootstrap-dropdown.js HTTP/1.1" 304 - "http://worldcrime.devharis.com/" "Mozilla/5.0 (Windows NT 6.1; WOW64) AppleWebKit/537.11 (KHTML, like Gecko) Chrome/23.0.1271.97 Safari/537.11"
c-387ae255.09-12-6b6c6d10.cust.bredbandsbolaget.se - - [30/Dec/2012:13:33:05 +0100] "GET /js/bootstrap-tooltip.js HTTP/1.1" 304 - "http://worldcrime.devharis.com/" "Mozilla/5.0 (Windows NT 6.1; WOW64) AppleWebKit/537.11 (KHTML, like Gecko) Chrome/23.0.1271.97 Safari/537.11"
c-387ae255.09-12-6b6c6d10.cust.bredbandsbolaget.se - - [30/Dec/2012:13:33:05 +0100] "GET /js/bootstrap-popover.js HTTP/1.1" 304 - "http://worldcrime.devharis.com/" "Mozilla/5.0 (Windows NT 6.1; WOW64) AppleWebKit/537.11 (KHTML, like Gecko) Chrome/23.0.1271.97 Safari/537.11"
c-387ae255.09-12-6b6c6d10.cust.bredbandsbolaget.se - - [30/Dec/2012:13:33:05 +0100] "GET /js/bootstrap-button.js HTTP/1.1" 304 - "http://worldcrime.devharis.com/" "Mozilla/5.0 (Windows NT 6.1; WOW64) AppleWebKit/537.11 (KHTML, like Gecko) Chrome/23.0.1271.97 Safari/537.11"
c-387ae255.09-12-6b6c6d10.cust.bredbandsbolaget.se - - [30/Dec/2012:13:33:05 +0100] "GET /js/bootstrap-carousel.js HTTP/1.1" 304 - "http://worldcrime.devharis.com/" "Mozilla/5.0 (Windows NT 6.1; WOW64) AppleWebKit/537.11 (KHTML, like Gecko) Chrome/23.0.1271.97 Safari/537.11"
c-387ae255.09-12-6b6c6d10.cust.bredbandsbolaget.se - - [30/Dec/2012:13:33:05 +0100] "GET /js/bootstrap-collapse.js HTTP/1.1" 304 - "http://worldcrime.devharis.com/" "Mozilla/5.0 (Windows NT 6.1; WOW64) AppleWebKit/537.11 (KHTML, like Gecko) Chrome/23.0.1271.97 Safari/537.11"
c-387ae255.09-12-6b6c6d10.cust.bredbandsbolaget.se - - [30/Dec/2012:13:33:05 +0100] "GET /js/bootstrap-typeahead.js HTTP/1.1" 304 - "http://worldcrime.devharis.com/" "Mozilla/5.0 (Windows NT 6.1; WOW64) AppleWebKit/537.11 (KHTML, like Gecko) Chrome/23.0.1271.97 Safari/537.11"
c-387ae255.09-12-6b6c6d10.cust.bredbandsbolaget.se - - [30/Dec/2012:13:33:05 +0100] "GET /assets/ico/favicon.png HTTP/1.1" 404 220 "-" "Mozilla/5.0 (Windows NT 6.1; WOW64) AppleWebKit/537.11 (KHTML, like Gecko) Chrome/23.0.1271.97 Safari/537.11"
c-387ae255.09-12-6b6c6d10.cust.bredbandsbolaget.se - - [30/Dec/2012:13:33:05 +0100] "GET /assets/ico/favicon.png HTTP/1.1" 404 220 "-" "Mozilla/5.0 (Windows NT 6.1; WOW64) AppleWebKit/537.11 (KHTML, like Gecko) Chrome/23.0.1271.97 Safari/537.11"
c-387ae255.09-12-6b6c6d10.cust.bredbandsbolaget.se - - [30/Dec/2012:13:33:05 +0100] "GET /assets/ico/favicon.png HTTP/1.1" 404 220 "-" "Mozilla/5.0 (Windows NT 6.1; WOW64) AppleWebKit/537.11 (KHTML, like Gecko) Chrome/23.0.1271.97 Safari/537.11"
c-387ae255.09-12-6b6c6d10.cust.bredbandsbolaget.se - - [30/Dec/2012:13:33:39 +0100] "GET / HTTP/1.1" 200 6240 "-" "Mozilla/5.0 (Windows NT 6.1; WOW64) AppleWebKit/537.11 (KHTML, like Gecko) Chrome/23.0.1271.97 Safari/537.11"
c-387ae255.09-12-6b6c6d10.cust.bredbandsbolaget.se - - [30/Dec/2012:13:33:40 +0100] "GET /css/bootstrap-responsive.css HTTP/1.1" 304 - "http://worldcrime.devharis.com/" "Mozilla/5.0 (Windows NT 6.1; WOW64) AppleWebKit/537.11 (KHTML, like Gecko) Chrome/23.0.1271.97 Safari/537.11"
c-387ae255.09-12-6b6c6d10.cust.bredbandsbolaget.se - - [30/Dec/2012:13:33:40 +0100] "GET /js/bootstrap-transition.js HTTP/1.1" 304 - "http://worldcrime.devharis.com/" "Mozilla/5.0 (Windows NT 6.1; WOW64) AppleWebKit/537.11 (KHTML, like Gecko) Chrome/23.0.1271.97 Safari/537.11"
c-387ae255.09-12-6b6c6d10.cust.bredbandsbolaget.se - - [30/Dec/2012:13:33:40 +0100] "GET /css/bootstrap.css HTTP/1.1" 304 - "http://worldcrime.devharis.com/" "Mozilla/5.0 (Windows NT 6.1; WOW64) AppleWebKit/537.11 (KHTML, like Gecko) Chrome/23.0.1271.97 Safari/537.11"
c-387ae255.09-12-6b6c6d10.cust.bredbandsbolaget.se - - [30/Dec/2012:13:33:40 +0100] "GET /js/bootstrap-alert.js HTTP/1.1" 304 - "http://worldcrime.devharis.com/" "Mozilla/5.0 (Windows NT 6.1; WOW64) AppleWebKit/537.11 (KHTML, like Gecko) Chrome/23.0.1271.97 Safari/537.11"
c-387ae255.09-12-6b6c6d10.cust.bredbandsbolaget.se - - [30/Dec/2012:13:33:40 +0100] "GET /js/jquery.js HTTP/1.1" 304 - "http://worldcrime.devharis.com/" "Mozilla/5.0 (Windows NT 6.1; WOW64) AppleWebKit/537.11 (KHTML, like Gecko) Chrome/23.0.1271.97 Safari/537.11"
c-387ae255.09-12-6b6c6d10.cust.bredbandsbolaget.se - - [30/Dec/2012:13:33:40 +0100] "GET /js/bootstrap-modal.js HTTP/1.1" 304 - "http://worldcrime.devharis.com/" "Mozilla/5.0 (Windows NT 6.1; WOW64) AppleWebKit/537.11 (KHTML, like Gecko) Chrome/23.0.1271.97 Safari/537.11"
c-387ae255.09-12-6b6c6d10.cust.bredbandsbolaget.se - - [30/Dec/2012:13:33:40 +0100] "GET /js/bootstrap-dropdown.js HTTP/1.1" 304 - "http://worldcrime.devharis.com/" "Mozilla/5.0 (Windows NT 6.1; WOW64) AppleWebKit/537.11 (KHTML, like Gecko) Chrome/23.0.1271.97 Safari/537.11"
c-387ae255.09-12-6b6c6d10.cust.bredbandsbolaget.se - - [30/Dec/2012:13:33:40 +0100] "GET /js/bootstrap-scrollspy.js HTTP/1.1" 304 - "http://worldcrime.devharis.com/" "Mozilla/5.0 (Windows NT 6.1; WOW64) AppleWebKit/537.11 (KHTML, like Gecko) Chrome/23.0.1271.97 Safari/537.11"
c-387ae255.09-12-6b6c6d10.cust.bredbandsbolaget.se - - [30/Dec/2012:13:33:40 +0100] "GET /js/bootstrap-tab.js HTTP/1.1" 304 - "http://worldcrime.devharis.com/" "Mozilla/5.0 (Windows NT 6.1; WOW64) AppleWebKit/537.11 (KHTML, like Gecko) Chrome/23.0.1271.97 Safari/537.11"
c-387ae255.09-12-6b6c6d10.cust.bredbandsbolaget.se - - [30/Dec/2012:13:33:40 +0100] "GET /js/bootstrap-tooltip.js HTTP/1.1" 304 - "http://worldcrime.devharis.com/" "Mozilla/5.0 (Windows NT 6.1; WOW64) AppleWebKit/537.11 (KHTML, like Gecko) Chrome/23.0.1271.97 Safari/537.11"
c-387ae255.09-12-6b6c6d10.cust.bredbandsbolaget.se - - [30/Dec/2012:13:33:40 +0100] "GET /js/bootstrap-popover.js HTTP/1.1" 304 - "http://worldcrime.devharis.com/" "Mozilla/5.0 (Windows NT 6.1; WOW64) AppleWebKit/537.11 (KHTML, like Gecko) Chrome/23.0.1271.97 Safari/537.11"
c-387ae255.09-12-6b6c6d10.cust.bredbandsbolaget.se - - [30/Dec/2012:13:33:40 +0100] "GET /js/bootstrap-button.js HTTP/1.1" 304 - "http://worldcrime.devharis.com/" "Mozilla/5.0 (Windows NT 6.1; WOW64) AppleWebKit/537.11 (KHTML, like Gecko) Chrome/23.0.1271.97 Safari/537.11"
c-387ae255.09-12-6b6c6d10.cust.bredbandsbolaget.se - - [30/Dec/2012:13:33:40 +0100] "GET /js/bootstrap-collapse.js HTTP/1.1" 304 - "http://worldcrime.devharis.com/" "Mozilla/5.0 (Windows NT 6.1; WOW64) AppleWebKit/537.11 (KHTML, like Gecko) Chrome/23.0.1271.97 Safari/537.11"
c-387ae255.09-12-6b6c6d10.cust.bredbandsbolaget.se - - [30/Dec/2012:13:33:40 +0100] "GET /js/bootstrap-carousel.js HTTP/1.1" 304 - "http://worldcrime.devharis.com/" "Mozilla/5.0 (Windows NT 6.1; WOW64) AppleWebKit/537.11 (KHTML, like Gecko) Chrome/23.0.1271.97 Safari/537.11"
c-387ae255.09-12-6b6c6d10.cust.bredbandsbolaget.se - - [30/Dec/2012:13:33:40 +0100] "GET /js/bootstrap-typeahead.js HTTP/1.1" 304 - "http://worldcrime.devharis.com/" "Mozilla/5.0 (Windows NT 6.1; WOW64) AppleWebKit/537.11 (KHTML, like Gecko) Chrome/23.0.1271.97 Safari/537.11"
c-387ae255.09-12-6b6c6d10.cust.bredbandsbolaget.se - - [30/Dec/2012:13:33:40 +0100] "GET /assets/ico/favicon.png HTTP/1.1" 404 220 "-" "Mozilla/5.0 (Windows NT 6.1; WOW64) AppleWebKit/537.11 (KHTML, like Gecko) Chrome/23.0.1271.97 Safari/537.11"
c-387ae255.09-12-6b6c6d10.cust.bredbandsbolaget.se - - [30/Dec/2012:13:33:40 +0100] "GET /assets/ico/favicon.png HTTP/1.1" 404 220 "-" "Mozilla/5.0 (Windows NT 6.1; WOW64) AppleWebKit/537.11 (KHTML, like Gecko) Chrome/23.0.1271.97 Safari/537.11"
c-387ae255.09-12-6b6c6d10.cust.bredbandsbolaget.se - - [30/Dec/2012:13:33:40 +0100] "GET /assets/ico/favicon.png HTTP/1.1" 404 220 "-" "Mozilla/5.0 (Windows NT 6.1; WOW64) AppleWebKit/537.11 (KHTML, like Gecko) Chrome/23.0.1271.97 Safari/537.11"
c-387ae255.09-12-6b6c6d10.cust.bredbandsbolaget.se - - [30/Dec/2012:13:37:21 +0100] "GET / HTTP/1.1" 200 6895 "-" "Mozilla/5.0 (Windows NT 6.1; WOW64) AppleWebKit/537.11 (KHTML, like Gecko) Chrome/23.0.1271.97 Safari/537.11"
c-387ae255.09-12-6b6c6d10.cust.bredbandsbolaget.se - - [30/Dec/2012:13:37:21 +0100] "GET /css/bootstrap-responsive.css HTTP/1.1" 304 - "http://worldcrime.devharis.com/" "Mozilla/5.0 (Windows NT 6.1; WOW64) AppleWebKit/537.11 (KHTML, like Gecko) Chrome/23.0.1271.97 Safari/537.11"
c-387ae255.09-12-6b6c6d10.cust.bredbandsbolaget.se - - [30/Dec/2012:13:37:21 +0100] "GET /css/bootstrap.css HTTP/1.1" 304 - "http://worldcrime.devharis.com/" "Mozilla/5.0 (Windows NT 6.1; WOW64) AppleWebKit/537.11 (KHTML, like Gecko) Chrome/23.0.1271.97 Safari/537.11"
c-387ae255.09-12-6b6c6d10.cust.bredbandsbolaget.se - - [30/Dec/2012:13:37:21 +0100] "GET /js/jquery.js HTTP/1.1" 304 - "http://worldcrime.devharis.com/" "Mozilla/5.0 (Windows NT 6.1; WOW64) AppleWebKit/537.11 (KHTML, like Gecko) Chrome/23.0.1271.97 Safari/537.11"
c-387ae255.09-12-6b6c6d10.cust.bredbandsbolaget.se - - [30/Dec/2012:13:37:21 +0100] "GET /js/bootstrap-transition.js HTTP/1.1" 304 - "http://worldcrime.devharis.com/" "Mozilla/5.0 (Windows NT 6.1; WOW64) AppleWebKit/537.11 (KHTML, like Gecko) Chrome/23.0.1271.97 Safari/537.11"
c-387ae255.09-12-6b6c6d10.cust.bredbandsbolaget.se - - [30/Dec/2012:13:37:21 +0100] "GET /js/bootstrap-modal.js HTTP/1.1" 304 - "http://worldcrime.devharis.com/" "Mozilla/5.0 (Windows NT 6.1; WOW64) AppleWebKit/537.11 (KHTML, like Gecko) Chrome/23.0.1271.97 Safari/537.11"
c-387ae255.09-12-6b6c6d10.cust.bredbandsbolaget.se - - [30/Dec/2012:13:37:21 +0100] "GET /js/bootstrap-alert.js HTTP/1.1" 304 - "http://worldcrime.devharis.com/" "Mozilla/5.0 (Windows NT 6.1; WOW64) AppleWebKit/537.11 (KHTML, like Gecko) Chrome/23.0.1271.97 Safari/537.11"
c-387ae255.09-12-6b6c6d10.cust.bredbandsbolaget.se - - [30/Dec/2012:13:37:21 +0100] "GET /js/bootstrap-dropdown.js HTTP/1.1" 304 - "http://worldcrime.devharis.com/" "Mozilla/5.0 (Windows NT 6.1; WOW64) AppleWebKit/537.11 (KHTML, like Gecko) Chrome/23.0.1271.97 Safari/537.11"
c-387ae255.09-12-6b6c6d10.cust.bredbandsbolaget.se - - [30/Dec/2012:13:37:21 +0100] "GET /js/bootstrap-tab.js HTTP/1.1" 304 - "http://worldcrime.devharis.com/" "Mozilla/5.0 (Windows NT 6.1; WOW64) AppleWebKit/537.11 (KHTML, like Gecko) Chrome/23.0.1271.97 Safari/537.11"
c-387ae255.09-12-6b6c6d10.cust.bredbandsbolaget.se - - [30/Dec/2012:13:37:21 +0100] "GET /js/bootstrap-popover.js HTTP/1.1" 304 - "http://worldcrime.devharis.com/" "Mozilla/5.0 (Windows NT 6.1; WOW64) AppleWebKit/537.11 (KHTML, like Gecko) Chrome/23.0.1271.97 Safari/537.11"
c-387ae255.09-12-6b6c6d10.cust.bredbandsbolaget.se - - [30/Dec/2012:13:37:21 +0100] "GET /js/bootstrap-tooltip.js HTTP/1.1" 304 - "http://worldcrime.devharis.com/" "Mozilla/5.0 (Windows NT 6.1; WOW64) AppleWebKit/537.11 (KHTML, like Gecko) Chrome/23.0.1271.97 Safari/537.11"
c-387ae255.09-12-6b6c6d10.cust.bredbandsbolaget.se - - [30/Dec/2012:13:37:21 +0100] "GET /js/bootstrap-button.js HTTP/1.1" 304 - "http://worldcrime.devharis.com/" "Mozilla/5.0 (Windows NT 6.1; WOW64) AppleWebKit/537.11 (KHTML, like Gecko) Chrome/23.0.1271.97 Safari/537.11"
c-387ae255.09-12-6b6c6d10.cust.bredbandsbolaget.se - - [30/Dec/2012:13:37:21 +0100] "GET /js/bootstrap-scrollspy.js HTTP/1.1" 304 - "http://worldcrime.devharis.com/" "Mozilla/5.0 (Windows NT 6.1; WOW64) AppleWebKit/537.11 (KHTML, like Gecko) Chrome/23.0.1271.97 Safari/537.11"
c-387ae255.09-12-6b6c6d10.cust.bredbandsbolaget.se - - [30/Dec/2012:13:37:21 +0100] "GET /js/bootstrap-collapse.js HTTP/1.1" 304 - "http://worldcrime.devharis.com/" "Mozilla/5.0 (Windows NT 6.1; WOW64) AppleWebKit/537.11 (KHTML, like Gecko) Chrome/23.0.1271.97 Safari/537.11"
c-387ae255.09-12-6b6c6d10.cust.bredbandsbolaget.se - - [30/Dec/2012:13:37:21 +0100] "GET /js/bootstrap-carousel.js HTTP/1.1" 304 - "http://worldcrime.devharis.com/" "Mozilla/5.0 (Windows NT 6.1; WOW64) AppleWebKit/537.11 (KHTML, like Gecko) Chrome/23.0.1271.97 Safari/537.11"
c-387ae255.09-12-6b6c6d10.cust.bredbandsbolaget.se - - [30/Dec/2012:13:37:21 +0100] "GET /js/bootstrap-typeahead.js HTTP/1.1" 304 - "http://worldcrime.devharis.com/" "Mozilla/5.0 (Windows NT 6.1; WOW64) AppleWebKit/537.11 (KHTML, like Gecko) Chrome/23.0.1271.97 Safari/537.11"
c-387ae255.09-12-6b6c6d10.cust.bredbandsbolaget.se - - [30/Dec/2012:13:37:22 +0100] "GET /assets/ico/favicon.png HTTP/1.1" 404 220 "-" "Mozilla/5.0 (Windows NT 6.1; WOW64) AppleWebKit/537.11 (KHTML, like Gecko) Chrome/23.0.1271.97 Safari/537.11"
c-387ae255.09-12-6b6c6d10.cust.bredbandsbolaget.se - - [30/Dec/2012:13:37:22 +0100] "GET /assets/ico/favicon.png HTTP/1.1" 404 220 "-" "Mozilla/5.0 (Windows NT 6.1; WOW64) AppleWebKit/537.11 (KHTML, like Gecko) Chrome/23.0.1271.97 Safari/537.11"
c-387ae255.09-12-6b6c6d10.cust.bredbandsbolaget.se - - [30/Dec/2012:13:37:22 +0100] "GET /assets/ico/favicon.png HTTP/1.1" 404 220 "-" "Mozilla/5.0 (Windows NT 6.1; WOW64) AppleWebKit/537.11 (KHTML, like Gecko) Chrome/23.0.1271.97 Safari/537.11"
c-387ae255.09-12-6b6c6d10.cust.bredbandsbolaget.se - - [30/Dec/2012:13:37:52 +0100] "GET / HTTP/1.1" 200 6896 "-" "Mozilla/5.0 (Windows NT 6.1; WOW64) AppleWebKit/537.11 (KHTML, like Gecko) Chrome/23.0.1271.97 Safari/537.11"
c-387ae255.09-12-6b6c6d10.cust.bredbandsbolaget.se - - [30/Dec/2012:13:37:52 +0100] "GET /css/bootstrap.css HTTP/1.1" 304 - "http://worldcrime.devharis.com/" "Mozilla/5.0 (Windows NT 6.1; WOW64) AppleWebKit/537.11 (KHTML, like Gecko) Chrome/23.0.1271.97 Safari/537.11"
c-387ae255.09-12-6b6c6d10.cust.bredbandsbolaget.se - - [30/Dec/2012:13:37:52 +0100] "GET /css/bootstrap-responsive.css HTTP/1.1" 304 - "http://worldcrime.devharis.com/" "Mozilla/5.0 (Windows NT 6.1; WOW64) AppleWebKit/537.11 (KHTML, like Gecko) Chrome/23.0.1271.97 Safari/537.11"
c-387ae255.09-12-6b6c6d10.cust.bredbandsbolaget.se - - [30/Dec/2012:13:37:52 +0100] "GET /js/jquery.js HTTP/1.1" 304 - "http://worldcrime.devharis.com/" "Mozilla/5.0 (Windows NT 6.1; WOW64) AppleWebKit/537.11 (KHTML, like Gecko) Chrome/23.0.1271.97 Safari/537.11"
c-387ae255.09-12-6b6c6d10.cust.bredbandsbolaget.se - - [30/Dec/2012:13:37:52 +0100] "GET /js/bootstrap-transition.js HTTP/1.1" 304 - "http://worldcrime.devharis.com/" "Mozilla/5.0 (Windows NT 6.1; WOW64) AppleWebKit/537.11 (KHTML, like Gecko) Chrome/23.0.1271.97 Safari/537.11"
c-387ae255.09-12-6b6c6d10.cust.bredbandsbolaget.se - - [30/Dec/2012:13:37:52 +0100] "GET /js/bootstrap-alert.js HTTP/1.1" 304 - "http://worldcrime.devharis.com/" "Mozilla/5.0 (Windows NT 6.1; WOW64) AppleWebKit/537.11 (KHTML, like Gecko) Chrome/23.0.1271.97 Safari/537.11"
c-387ae255.09-12-6b6c6d10.cust.bredbandsbolaget.se - - [30/Dec/2012:13:37:52 +0100] "GET /js/bootstrap-modal.js HTTP/1.1" 304 - "http://worldcrime.devharis.com/" "Mozilla/5.0 (Windows NT 6.1; WOW64) AppleWebKit/537.11 (KHTML, like Gecko) Chrome/23.0.1271.97 Safari/537.11"
c-387ae255.09-12-6b6c6d10.cust.bredbandsbolaget.se - - [30/Dec/2012:13:37:52 +0100] "GET /js/bootstrap-dropdown.js HTTP/1.1" 304 - "http://worldcrime.devharis.com/" "Mozilla/5.0 (Windows NT 6.1; WOW64) AppleWebKit/537.11 (KHTML, like Gecko) Chrome/23.0.1271.97 Safari/537.11"
c-387ae255.09-12-6b6c6d10.cust.bredbandsbolaget.se - - [30/Dec/2012:13:37:52 +0100] "GET /js/bootstrap-tab.js HTTP/1.1" 304 - "http://worldcrime.devharis.com/" "Mozilla/5.0 (Windows NT 6.1; WOW64) AppleWebKit/537.11 (KHTML, like Gecko) Chrome/23.0.1271.97 Safari/537.11"
c-387ae255.09-12-6b6c6d10.cust.bredbandsbolaget.se - - [30/Dec/2012:13:37:52 +0100] "GET /js/bootstrap-scrollspy.js HTTP/1.1" 304 - "http://worldcrime.devharis.com/" "Mozilla/5.0 (Windows NT 6.1; WOW64) AppleWebKit/537.11 (KHTML, like Gecko) Chrome/23.0.1271.97 Safari/537.11"
c-387ae255.09-12-6b6c6d10.cust.bredbandsbolaget.se - - [30/Dec/2012:13:37:52 +0100] "GET /js/bootstrap-popover.js HTTP/1.1" 304 - "http://worldcrime.devharis.com/" "Mozilla/5.0 (Windows NT 6.1; WOW64) AppleWebKit/537.11 (KHTML, like Gecko) Chrome/23.0.1271.97 Safari/537.11"
c-387ae255.09-12-6b6c6d10.cust.bredbandsbolaget.se - - [30/Dec/2012:13:37:52 +0100] "GET /js/bootstrap-button.js HTTP/1.1" 304 - "http://worldcrime.devharis.com/" "Mozilla/5.0 (Windows NT 6.1; WOW64) AppleWebKit/537.11 (KHTML, like Gecko) Chrome/23.0.1271.97 Safari/537.11"
c-387ae255.09-12-6b6c6d10.cust.bredbandsbolaget.se - - [30/Dec/2012:13:37:52 +0100] "GET /js/bootstrap-tooltip.js HTTP/1.1" 304 - "http://worldcrime.devharis.com/" "Mozilla/5.0 (Windows NT 6.1; WOW64) AppleWebKit/537.11 (KHTML, like Gecko) Chrome/23.0.1271.97 Safari/537.11"
c-387ae255.09-12-6b6c6d10.cust.bredbandsbolaget.se - - [30/Dec/2012:13:37:52 +0100] "GET /js/bootstrap-collapse.js HTTP/1.1" 304 - "http://worldcrime.devharis.com/" "Mozilla/5.0 (Windows NT 6.1; WOW64) AppleWebKit/537.11 (KHTML, like Gecko) Chrome/23.0.1271.97 Safari/537.11"
c-387ae255.09-12-6b6c6d10.cust.bredbandsbolaget.se - - [30/Dec/2012:13:37:52 +0100] "GET /js/bootstrap-carousel.js HTTP/1.1" 304 - "http://worldcrime.devharis.com/" "Mozilla/5.0 (Windows NT 6.1; WOW64) AppleWebKit/537.11 (KHTML, like Gecko) Chrome/23.0.1271.97 Safari/537.11"
c-387ae255.09-12-6b6c6d10.cust.bredbandsbolaget.se - - [30/Dec/2012:13:37:52 +0100] "GET /js/bootstrap-typeahead.js HTTP/1.1" 304 - "http://worldcrime.devharis.com/" "Mozilla/5.0 (Windows NT 6.1; WOW64) AppleWebKit/537.11 (KHTML, like Gecko) Chrome/23.0.1271.97 Safari/537.11"
c-387ae255.09-12-6b6c6d10.cust.bredbandsbolaget.se - - [30/Dec/2012:13:37:52 +0100] "GET /assets/ico/favicon.png HTTP/1.1" 404 220 "-" "Mozilla/5.0 (Windows NT 6.1; WOW64) AppleWebKit/537.11 (KHTML, like Gecko) Chrome/23.0.1271.97 Safari/537.11"
c-387ae255.09-12-6b6c6d10.cust.bredbandsbolaget.se - - [30/Dec/2012:13:37:52 +0100] "GET /assets/ico/favicon.png HTTP/1.1" 404 220 "-" "Mozilla/5.0 (Windows NT 6.1; WOW64) AppleWebKit/537.11 (KHTML, like Gecko) Chrome/23.0.1271.97 Safari/537.11"
c-387ae255.09-12-6b6c6d10.cust.bredbandsbolaget.se - - [30/Dec/2012:13:37:52 +0100] "GET /assets/ico/favicon.png HTTP/1.1" 404 220 "-" "Mozilla/5.0 (Windows NT 6.1; WOW64) AppleWebKit/537.11 (KHTML, like Gecko) Chrome/23.0.1271.97 Safari/537.11"
c-387ae255.09-12-6b6c6d10.cust.bredbandsbolaget.se - - [30/Dec/2012:13:38:11 +0100] "GET / HTTP/1.1" 200 6896 "-" "Mozilla/5.0 (Windows NT 6.1; WOW64) AppleWebKit/537.11 (KHTML, like Gecko) Chrome/23.0.1271.97 Safari/537.11"
c-387ae255.09-12-6b6c6d10.cust.bredbandsbolaget.se - - [30/Dec/2012:13:38:12 +0100] "GET /css/bootstrap.css HTTP/1.1" 304 - "http://worldcrime.devharis.com/" "Mozilla/5.0 (Windows NT 6.1; WOW64) AppleWebKit/537.11 (KHTML, like Gecko) Chrome/23.0.1271.97 Safari/537.11"
c-387ae255.09-12-6b6c6d10.cust.bredbandsbolaget.se - - [30/Dec/2012:13:38:12 +0100] "GET /css/bootstrap-responsive.css HTTP/1.1" 304 - "http://worldcrime.devharis.com/" "Mozilla/5.0 (Windows NT 6.1; WOW64) AppleWebKit/537.11 (KHTML, like Gecko) Chrome/23.0.1271.97 Safari/537.11"
c-387ae255.09-12-6b6c6d10.cust.bredbandsbolaget.se - - [30/Dec/2012:13:38:12 +0100] "GET /js/jquery.js HTTP/1.1" 304 - "http://worldcrime.devharis.com/" "Mozilla/5.0 (Windows NT 6.1; WOW64) AppleWebKit/537.11 (KHTML, like Gecko) Chrome/23.0.1271.97 Safari/537.11"
c-387ae255.09-12-6b6c6d10.cust.bredbandsbolaget.se - - [30/Dec/2012:13:38:12 +0100] "GET /js/bootstrap-alert.js HTTP/1.1" 304 - "http://worldcrime.devharis.com/" "Mozilla/5.0 (Windows NT 6.1; WOW64) AppleWebKit/537.11 (KHTML, like Gecko) Chrome/23.0.1271.97 Safari/537.11"
c-387ae255.09-12-6b6c6d10.cust.bredbandsbolaget.se - - [30/Dec/2012:13:38:12 +0100] "GET /js/bootstrap-transition.js HTTP/1.1" 304 - "http://worldcrime.devharis.com/" "Mozilla/5.0 (Windows NT 6.1; WOW64) AppleWebKit/537.11 (KHTML, like Gecko) Chrome/23.0.1271.97 Safari/537.11"
c-387ae255.09-12-6b6c6d10.cust.bredbandsbolaget.se - - [30/Dec/2012:13:38:12 +0100] "GET /js/bootstrap-modal.js HTTP/1.1" 304 - "http://worldcrime.devharis.com/" "Mozilla/5.0 (Windows NT 6.1; WOW64) AppleWebKit/537.11 (KHTML, like Gecko) Chrome/23.0.1271.97 Safari/537.11"
c-387ae255.09-12-6b6c6d10.cust.bredbandsbolaget.se - - [30/Dec/2012:13:38:12 +0100] "GET /js/bootstrap-dropdown.js HTTP/1.1" 304 - "http://worldcrime.devharis.com/" "Mozilla/5.0 (Windows NT 6.1; WOW64) AppleWebKit/537.11 (KHTML, like Gecko) Chrome/23.0.1271.97 Safari/537.11"
c-387ae255.09-12-6b6c6d10.cust.bredbandsbolaget.se - - [30/Dec/2012:13:38:12 +0100] "GET /js/bootstrap-scrollspy.js HTTP/1.1" 304 - "http://worldcrime.devharis.com/" "Mozilla/5.0 (Windows NT 6.1; WOW64) AppleWebKit/537.11 (KHTML, like Gecko) Chrome/23.0.1271.97 Safari/537.11"
c-387ae255.09-12-6b6c6d10.cust.bredbandsbolaget.se - - [30/Dec/2012:13:38:12 +0100] "GET /js/bootstrap-tab.js HTTP/1.1" 304 - "http://worldcrime.devharis.com/" "Mozilla/5.0 (Windows NT 6.1; WOW64) AppleWebKit/537.11 (KHTML, like Gecko) Chrome/23.0.1271.97 Safari/537.11"
c-387ae255.09-12-6b6c6d10.cust.bredbandsbolaget.se - - [30/Dec/2012:13:38:12 +0100] "GET /js/bootstrap-popover.js HTTP/1.1" 304 - "http://worldcrime.devharis.com/" "Mozilla/5.0 (Windows NT 6.1; WOW64) AppleWebKit/537.11 (KHTML, like Gecko) Chrome/23.0.1271.97 Safari/537.11"
c-387ae255.09-12-6b6c6d10.cust.bredbandsbolaget.se - - [30/Dec/2012:13:38:12 +0100] "GET /js/bootstrap-tooltip.js HTTP/1.1" 304 - "http://worldcrime.devharis.com/" "Mozilla/5.0 (Windows NT 6.1; WOW64) AppleWebKit/537.11 (KHTML, like Gecko) Chrome/23.0.1271.97 Safari/537.11"
c-387ae255.09-12-6b6c6d10.cust.bredbandsbolaget.se - - [30/Dec/2012:13:38:12 +0100] "GET /js/bootstrap-button.js HTTP/1.1" 304 - "http://worldcrime.devharis.com/" "Mozilla/5.0 (Windows NT 6.1; WOW64) AppleWebKit/537.11 (KHTML, like Gecko) Chrome/23.0.1271.97 Safari/537.11"
c-387ae255.09-12-6b6c6d10.cust.bredbandsbolaget.se - - [30/Dec/2012:13:38:12 +0100] "GET /js/bootstrap-collapse.js HTTP/1.1" 304 - "http://worldcrime.devharis.com/" "Mozilla/5.0 (Windows NT 6.1; WOW64) AppleWebKit/537.11 (KHTML, like Gecko) Chrome/23.0.1271.97 Safari/537.11"
c-387ae255.09-12-6b6c6d10.cust.bredbandsbolaget.se - - [30/Dec/2012:13:38:12 +0100] "GET /js/bootstrap-carousel.js HTTP/1.1" 304 - "http://worldcrime.devharis.com/" "Mozilla/5.0 (Windows NT 6.1; WOW64) AppleWebKit/537.11 (KHTML, like Gecko) Chrome/23.0.1271.97 Safari/537.11"
c-387ae255.09-12-6b6c6d10.cust.bredbandsbolaget.se - - [30/Dec/2012:13:38:12 +0100] "GET /js/bootstrap-typeahead.js HTTP/1.1" 304 - "http://worldcrime.devharis.com/" "Mozilla/5.0 (Windows NT 6.1; WOW64) AppleWebKit/537.11 (KHTML, like Gecko) Chrome/23.0.1271.97 Safari/537.11"
c-387ae255.09-12-6b6c6d10.cust.bredbandsbolaget.se - - [30/Dec/2012:13:38:12 +0100] "GET /assets/ico/favicon.png HTTP/1.1" 404 220 "-" "Mozilla/5.0 (Windows NT 6.1; WOW64) AppleWebKit/537.11 (KHTML, like Gecko) Chrome/23.0.1271.97 Safari/537.11"
c-387ae255.09-12-6b6c6d10.cust.bredbandsbolaget.se - - [30/Dec/2012:13:38:12 +0100] "GET /assets/ico/favicon.png HTTP/1.1" 404 220 "-" "Mozilla/5.0 (Windows NT 6.1; WOW64) AppleWebKit/537.11 (KHTML, like Gecko) Chrome/23.0.1271.97 Safari/537.11"
c-387ae255.09-12-6b6c6d10.cust.bredbandsbolaget.se - - [30/Dec/2012:13:38:12 +0100] "GET /assets/ico/favicon.png HTTP/1.1" 404 220 "-" "Mozilla/5.0 (Windows NT 6.1; WOW64) AppleWebKit/537.11 (KHTML, like Gecko) Chrome/23.0.1271.97 Safari/537.11"
c-387ae255.09-12-6b6c6d10.cust.bredbandsbolaget.se - - [30/Dec/2012:13:44:07 +0100] "GET / HTTP/1.1" 200 6946 "-" "Mozilla/5.0 (Windows NT 6.1; WOW64) AppleWebKit/537.11 (KHTML, like Gecko) Chrome/23.0.1271.97 Safari/537.11"
c-387ae255.09-12-6b6c6d10.cust.bredbandsbolaget.se - - [30/Dec/2012:13:44:07 +0100] "GET /js/jquery.js HTTP/1.1" 304 - "http://worldcrime.devharis.com/" "Mozilla/5.0 (Windows NT 6.1; WOW64) AppleWebKit/537.11 (KHTML, like Gecko) Chrome/23.0.1271.97 Safari/537.11"
c-387ae255.09-12-6b6c6d10.cust.bredbandsbolaget.se - - [30/Dec/2012:13:44:07 +0100] "GET /js/bootstrap-transition.js HTTP/1.1" 304 - "http://worldcrime.devharis.com/" "Mozilla/5.0 (Windows NT 6.1; WOW64) AppleWebKit/537.11 (KHTML, like Gecko) Chrome/23.0.1271.97 Safari/537.11"
c-387ae255.09-12-6b6c6d10.cust.bredbandsbolaget.se - - [30/Dec/2012:13:44:07 +0100] "GET /css/bootstrap-responsive.css HTTP/1.1" 304 - "http://worldcrime.devharis.com/" "Mozilla/5.0 (Windows NT 6.1; WOW64) AppleWebKit/537.11 (KHTML, like Gecko) Chrome/23.0.1271.97 Safari/537.11"
c-387ae255.09-12-6b6c6d10.cust.bredbandsbolaget.se - - [30/Dec/2012:13:44:07 +0100] "GET /css/bootstrap.css HTTP/1.1" 304 - "http://worldcrime.devharis.com/" "Mozilla/5.0 (Windows NT 6.1; WOW64) AppleWebKit/537.11 (KHTML, like Gecko) Chrome/23.0.1271.97 Safari/537.11"
c-387ae255.09-12-6b6c6d10.cust.bredbandsbolaget.se - - [30/Dec/2012:13:44:07 +0100] "GET /js/bootstrap-alert.js HTTP/1.1" 304 - "http://worldcrime.devharis.com/" "Mozilla/5.0 (Windows NT 6.1; WOW64) AppleWebKit/537.11 (KHTML, like Gecko) Chrome/23.0.1271.97 Safari/537.11"
c-387ae255.09-12-6b6c6d10.cust.bredbandsbolaget.se - - [30/Dec/2012:13:44:07 +0100] "GET /js/bootstrap-modal.js HTTP/1.1" 304 - "http://worldcrime.devharis.com/" "Mozilla/5.0 (Windows NT 6.1; WOW64) AppleWebKit/537.11 (KHTML, like Gecko) Chrome/23.0.1271.97 Safari/537.11"
c-387ae255.09-12-6b6c6d10.cust.bredbandsbolaget.se - - [30/Dec/2012:13:44:07 +0100] "GET /js/bootstrap-dropdown.js HTTP/1.1" 304 - "http://worldcrime.devharis.com/" "Mozilla/5.0 (Windows NT 6.1; WOW64) AppleWebKit/537.11 (KHTML, like Gecko) Chrome/23.0.1271.97 Safari/537.11"
c-387ae255.09-12-6b6c6d10.cust.bredbandsbolaget.se - - [30/Dec/2012:13:44:07 +0100] "GET /js/bootstrap-scrollspy.js HTTP/1.1" 304 - "http://worldcrime.devharis.com/" "Mozilla/5.0 (Windows NT 6.1; WOW64) AppleWebKit/537.11 (KHTML, like Gecko) Chrome/23.0.1271.97 Safari/537.11"
c-387ae255.09-12-6b6c6d10.cust.bredbandsbolaget.se - - [30/Dec/2012:13:44:07 +0100] "GET /js/bootstrap-tab.js HTTP/1.1" 304 - "http://worldcrime.devharis.com/" "Mozilla/5.0 (Windows NT 6.1; WOW64) AppleWebKit/537.11 (KHTML, like Gecko) Chrome/23.0.1271.97 Safari/537.11"
c-387ae255.09-12-6b6c6d10.cust.bredbandsbolaget.se - - [30/Dec/2012:13:44:07 +0100] "GET /js/bootstrap-tooltip.js HTTP/1.1" 304 - "http://worldcrime.devharis.com/" "Mozilla/5.0 (Windows NT 6.1; WOW64) AppleWebKit/537.11 (KHTML, like Gecko) Chrome/23.0.1271.97 Safari/537.11"
c-387ae255.09-12-6b6c6d10.cust.bredbandsbolaget.se - - [30/Dec/2012:13:44:07 +0100] "GET /js/bootstrap-popover.js HTTP/1.1" 304 - "http://worldcrime.devharis.com/" "Mozilla/5.0 (Windows NT 6.1; WOW64) AppleWebKit/537.11 (KHTML, like Gecko) Chrome/23.0.1271.97 Safari/537.11"
c-387ae255.09-12-6b6c6d10.cust.bredbandsbolaget.se - - [30/Dec/2012:13:44:07 +0100] "GET /js/bootstrap-button.js HTTP/1.1" 304 - "http://worldcrime.devharis.com/" "Mozilla/5.0 (Windows NT 6.1; WOW64) AppleWebKit/537.11 (KHTML, like Gecko) Chrome/23.0.1271.97 Safari/537.11"
c-387ae255.09-12-6b6c6d10.cust.bredbandsbolaget.se - - [30/Dec/2012:13:44:07 +0100] "GET /js/bootstrap-collapse.js HTTP/1.1" 304 - "http://worldcrime.devharis.com/" "Mozilla/5.0 (Windows NT 6.1; WOW64) AppleWebKit/537.11 (KHTML, like Gecko) Chrome/23.0.1271.97 Safari/537.11"
c-387ae255.09-12-6b6c6d10.cust.bredbandsbolaget.se - - [30/Dec/2012:13:44:07 +0100] "GET /js/bootstrap-carousel.js HTTP/1.1" 304 - "http://worldcrime.devharis.com/" "Mozilla/5.0 (Windows NT 6.1; WOW64) AppleWebKit/537.11 (KHTML, like Gecko) Chrome/23.0.1271.97 Safari/537.11"
c-387ae255.09-12-6b6c6d10.cust.bredbandsbolaget.se - - [30/Dec/2012:13:44:07 +0100] "GET /js/bootstrap-typeahead.js HTTP/1.1" 304 - "http://worldcrime.devharis.com/" "Mozilla/5.0 (Windows NT 6.1; WOW64) AppleWebKit/537.11 (KHTML, like Gecko) Chrome/23.0.1271.97 Safari/537.11"
c-387ae255.09-12-6b6c6d10.cust.bredbandsbolaget.se - - [30/Dec/2012:13:44:07 +0100] "GET /assets/ico/favicon.png HTTP/1.1" 404 220 "-" "Mozilla/5.0 (Windows NT 6.1; WOW64) AppleWebKit/537.11 (KHTML, like Gecko) Chrome/23.0.1271.97 Safari/537.11"
c-387ae255.09-12-6b6c6d10.cust.bredbandsbolaget.se - - [30/Dec/2012:13:44:08 +0100] "GET /assets/ico/favicon.png HTTP/1.1" 404 220 "-" "Mozilla/5.0 (Windows NT 6.1; WOW64) AppleWebKit/537.11 (KHTML, like Gecko) Chrome/23.0.1271.97 Safari/537.11"
c-387ae255.09-12-6b6c6d10.cust.bredbandsbolaget.se - - [30/Dec/2012:13:44:08 +0100] "GET /assets/ico/favicon.png HTTP/1.1" 404 220 "-" "Mozilla/5.0 (Windows NT 6.1; WOW64) AppleWebKit/537.11 (KHTML, like Gecko) Chrome/23.0.1271.97 Safari/537.11"
c-387ae255.09-12-6b6c6d10.cust.bredbandsbolaget.se - - [30/Dec/2012:13:45:12 +0100] "GET / HTTP/1.1" 200 6956 "-" "Mozilla/5.0 (Windows NT 6.1; WOW64) AppleWebKit/537.11 (KHTML, like Gecko) Chrome/23.0.1271.97 Safari/537.11"
c-387ae255.09-12-6b6c6d10.cust.bredbandsbolaget.se - - [30/Dec/2012:13:45:12 +0100] "GET /css/bootstrap.css HTTP/1.1" 304 - "http://worldcrime.devharis.com/" "Mozilla/5.0 (Windows NT 6.1; WOW64) AppleWebKit/537.11 (KHTML, like Gecko) Chrome/23.0.1271.97 Safari/537.11"
c-387ae255.09-12-6b6c6d10.cust.bredbandsbolaget.se - - [30/Dec/2012:13:45:12 +0100] "GET /css/bootstrap-responsive.css HTTP/1.1" 304 - "http://worldcrime.devharis.com/" "Mozilla/5.0 (Windows NT 6.1; WOW64) AppleWebKit/537.11 (KHTML, like Gecko) Chrome/23.0.1271.97 Safari/537.11"
c-387ae255.09-12-6b6c6d10.cust.bredbandsbolaget.se - - [30/Dec/2012:13:45:12 +0100] "GET /js/jquery.js HTTP/1.1" 304 - "http://worldcrime.devharis.com/" "Mozilla/5.0 (Windows NT 6.1; WOW64) AppleWebKit/537.11 (KHTML, like Gecko) Chrome/23.0.1271.97 Safari/537.11"
c-387ae255.09-12-6b6c6d10.cust.bredbandsbolaget.se - - [30/Dec/2012:13:45:12 +0100] "GET /js/bootstrap-transition.js HTTP/1.1" 304 - "http://worldcrime.devharis.com/" "Mozilla/5.0 (Windows NT 6.1; WOW64) AppleWebKit/537.11 (KHTML, like Gecko) Chrome/23.0.1271.97 Safari/537.11"
c-387ae255.09-12-6b6c6d10.cust.bredbandsbolaget.se - - [30/Dec/2012:13:45:12 +0100] "GET /js/bootstrap-modal.js HTTP/1.1" 304 - "http://worldcrime.devharis.com/" "Mozilla/5.0 (Windows NT 6.1; WOW64) AppleWebKit/537.11 (KHTML, like Gecko) Chrome/23.0.1271.97 Safari/537.11"
c-387ae255.09-12-6b6c6d10.cust.bredbandsbolaget.se - - [30/Dec/2012:13:45:12 +0100] "GET /js/bootstrap-alert.js HTTP/1.1" 304 - "http://worldcrime.devharis.com/" "Mozilla/5.0 (Windows NT 6.1; WOW64) AppleWebKit/537.11 (KHTML, like Gecko) Chrome/23.0.1271.97 Safari/537.11"
c-387ae255.09-12-6b6c6d10.cust.bredbandsbolaget.se - - [30/Dec/2012:13:45:13 +0100] "GET /js/bootstrap-dropdown.js HTTP/1.1" 304 - "http://worldcrime.devharis.com/" "Mozilla/5.0 (Windows NT 6.1; WOW64) AppleWebKit/537.11 (KHTML, like Gecko) Chrome/23.0.1271.97 Safari/537.11"
c-387ae255.09-12-6b6c6d10.cust.bredbandsbolaget.se - - [30/Dec/2012:13:45:13 +0100] "GET /js/bootstrap-scrollspy.js HTTP/1.1" 304 - "http://worldcrime.devharis.com/" "Mozilla/5.0 (Windows NT 6.1; WOW64) AppleWebKit/537.11 (KHTML, like Gecko) Chrome/23.0.1271.97 Safari/537.11"
c-387ae255.09-12-6b6c6d10.cust.bredbandsbolaget.se - - [30/Dec/2012:13:45:13 +0100] "GET /js/bootstrap-tab.js HTTP/1.1" 304 - "http://worldcrime.devharis.com/" "Mozilla/5.0 (Windows NT 6.1; WOW64) AppleWebKit/537.11 (KHTML, like Gecko) Chrome/23.0.1271.97 Safari/537.11"
c-387ae255.09-12-6b6c6d10.cust.bredbandsbolaget.se - - [30/Dec/2012:13:45:13 +0100] "GET /js/bootstrap-popover.js HTTP/1.1" 304 - "http://worldcrime.devharis.com/" "Mozilla/5.0 (Windows NT 6.1; WOW64) AppleWebKit/537.11 (KHTML, like Gecko) Chrome/23.0.1271.97 Safari/537.11"
c-387ae255.09-12-6b6c6d10.cust.bredbandsbolaget.se - - [30/Dec/2012:13:45:13 +0100] "GET /js/bootstrap-tooltip.js HTTP/1.1" 304 - "http://worldcrime.devharis.com/" "Mozilla/5.0 (Windows NT 6.1; WOW64) AppleWebKit/537.11 (KHTML, like Gecko) Chrome/23.0.1271.97 Safari/537.11"
c-387ae255.09-12-6b6c6d10.cust.bredbandsbolaget.se - - [30/Dec/2012:13:45:13 +0100] "GET /js/bootstrap-button.js HTTP/1.1" 304 - "http://worldcrime.devharis.com/" "Mozilla/5.0 (Windows NT 6.1; WOW64) AppleWebKit/537.11 (KHTML, like Gecko) Chrome/23.0.1271.97 Safari/537.11"
c-387ae255.09-12-6b6c6d10.cust.bredbandsbolaget.se - - [30/Dec/2012:13:45:13 +0100] "GET /js/bootstrap-collapse.js HTTP/1.1" 304 - "http://worldcrime.devharis.com/" "Mozilla/5.0 (Windows NT 6.1; WOW64) AppleWebKit/537.11 (KHTML, like Gecko) Chrome/23.0.1271.97 Safari/537.11"
c-387ae255.09-12-6b6c6d10.cust.bredbandsbolaget.se - - [30/Dec/2012:13:45:13 +0100] "GET /js/bootstrap-carousel.js HTTP/1.1" 304 - "http://worldcrime.devharis.com/" "Mozilla/5.0 (Windows NT 6.1; WOW64) AppleWebKit/537.11 (KHTML, like Gecko) Chrome/23.0.1271.97 Safari/537.11"
c-387ae255.09-12-6b6c6d10.cust.bredbandsbolaget.se - - [30/Dec/2012:13:45:13 +0100] "GET /js/bootstrap-typeahead.js HTTP/1.1" 304 - "http://worldcrime.devharis.com/" "Mozilla/5.0 (Windows NT 6.1; WOW64) AppleWebKit/537.11 (KHTML, like Gecko) Chrome/23.0.1271.97 Safari/537.11"
c-387ae255.09-12-6b6c6d10.cust.bredbandsbolaget.se - - [30/Dec/2012:13:45:13 +0100] "GET /assets/ico/favicon.png HTTP/1.1" 404 220 "-" "Mozilla/5.0 (Windows NT 6.1; WOW64) AppleWebKit/537.11 (KHTML, like Gecko) Chrome/23.0.1271.97 Safari/537.11"
c-387ae255.09-12-6b6c6d10.cust.bredbandsbolaget.se - - [30/Dec/2012:13:45:13 +0100] "GET /assets/ico/favicon.png HTTP/1.1" 404 220 "-" "Mozilla/5.0 (Windows NT 6.1; WOW64) AppleWebKit/537.11 (KHTML, like Gecko) Chrome/23.0.1271.97 Safari/537.11"
c-387ae255.09-12-6b6c6d10.cust.bredbandsbolaget.se - - [30/Dec/2012:13:45:13 +0100] "GET /assets/ico/favicon.png HTTP/1.1" 404 220 "-" "Mozilla/5.0 (Windows NT 6.1; WOW64) AppleWebKit/537.11 (KHTML, like Gecko) Chrome/23.0.1271.97 Safari/537.11"
c-387ae255.09-12-6b6c6d10.cust.bredbandsbolaget.se - - [30/Dec/2012:13:45:25 +0100] "GET / HTTP/1.1" 200 6753 "-" "Mozilla/5.0 (Windows NT 6.1; WOW64) AppleWebKit/537.11 (KHTML, like Gecko) Chrome/23.0.1271.97 Safari/537.11"
c-387ae255.09-12-6b6c6d10.cust.bredbandsbolaget.se - - [30/Dec/2012:13:45:25 +0100] "GET /css/bootstrap.css HTTP/1.1" 304 - "http://worldcrime.devharis.com/" "Mozilla/5.0 (Windows NT 6.1; WOW64) AppleWebKit/537.11 (KHTML, like Gecko) Chrome/23.0.1271.97 Safari/537.11"
c-387ae255.09-12-6b6c6d10.cust.bredbandsbolaget.se - - [30/Dec/2012:13:45:25 +0100] "GET /css/bootstrap-responsive.css HTTP/1.1" 304 - "http://worldcrime.devharis.com/" "Mozilla/5.0 (Windows NT 6.1; WOW64) AppleWebKit/537.11 (KHTML, like Gecko) Chrome/23.0.1271.97 Safari/537.11"
c-387ae255.09-12-6b6c6d10.cust.bredbandsbolaget.se - - [30/Dec/2012:13:45:25 +0100] "GET /js/jquery.js HTTP/1.1" 304 - "http://worldcrime.devharis.com/" "Mozilla/5.0 (Windows NT 6.1; WOW64) AppleWebKit/537.11 (KHTML, like Gecko) Chrome/23.0.1271.97 Safari/537.11"
c-387ae255.09-12-6b6c6d10.cust.bredbandsbolaget.se - - [30/Dec/2012:13:45:25 +0100] "GET /js/bootstrap-transition.js HTTP/1.1" 304 - "http://worldcrime.devharis.com/" "Mozilla/5.0 (Windows NT 6.1; WOW64) AppleWebKit/537.11 (KHTML, like Gecko) Chrome/23.0.1271.97 Safari/537.11"
c-387ae255.09-12-6b6c6d10.cust.bredbandsbolaget.se - - [30/Dec/2012:13:45:25 +0100] "GET /js/bootstrap-alert.js HTTP/1.1" 304 - "http://worldcrime.devharis.com/" "Mozilla/5.0 (Windows NT 6.1; WOW64) AppleWebKit/537.11 (KHTML, like Gecko) Chrome/23.0.1271.97 Safari/537.11"
c-387ae255.09-12-6b6c6d10.cust.bredbandsbolaget.se - - [30/Dec/2012:13:45:25 +0100] "GET /js/bootstrap-modal.js HTTP/1.1" 304 - "http://worldcrime.devharis.com/" "Mozilla/5.0 (Windows NT 6.1; WOW64) AppleWebKit/537.11 (KHTML, like Gecko) Chrome/23.0.1271.97 Safari/537.11"
c-387ae255.09-12-6b6c6d10.cust.bredbandsbolaget.se - - [30/Dec/2012:13:45:25 +0100] "GET /js/bootstrap-dropdown.js HTTP/1.1" 304 - "http://worldcrime.devharis.com/" "Mozilla/5.0 (Windows NT 6.1; WOW64) AppleWebKit/537.11 (KHTML, like Gecko) Chrome/23.0.1271.97 Safari/537.11"
c-387ae255.09-12-6b6c6d10.cust.bredbandsbolaget.se - - [30/Dec/2012:13:45:25 +0100] "GET /js/bootstrap-scrollspy.js HTTP/1.1" 304 - "http://worldcrime.devharis.com/" "Mozilla/5.0 (Windows NT 6.1; WOW64) AppleWebKit/537.11 (KHTML, like Gecko) Chrome/23.0.1271.97 Safari/537.11"
c-387ae255.09-12-6b6c6d10.cust.bredbandsbolaget.se - - [30/Dec/2012:13:45:25 +0100] "GET /js/bootstrap-tab.js HTTP/1.1" 304 - "http://worldcrime.devharis.com/" "Mozilla/5.0 (Windows NT 6.1; WOW64) AppleWebKit/537.11 (KHTML, like Gecko) Chrome/23.0.1271.97 Safari/537.11"
c-387ae255.09-12-6b6c6d10.cust.bredbandsbolaget.se - - [30/Dec/2012:13:45:25 +0100] "GET /js/bootstrap-tooltip.js HTTP/1.1" 304 - "http://worldcrime.devharis.com/" "Mozilla/5.0 (Windows NT 6.1; WOW64) AppleWebKit/537.11 (KHTML, like Gecko) Chrome/23.0.1271.97 Safari/537.11"
c-387ae255.09-12-6b6c6d10.cust.bredbandsbolaget.se - - [30/Dec/2012:13:45:25 +0100] "GET /js/bootstrap-popover.js HTTP/1.1" 304 - "http://worldcrime.devharis.com/" "Mozilla/5.0 (Windows NT 6.1; WOW64) AppleWebKit/537.11 (KHTML, like Gecko) Chrome/23.0.1271.97 Safari/537.11"
c-387ae255.09-12-6b6c6d10.cust.bredbandsbolaget.se - - [30/Dec/2012:13:45:25 +0100] "GET /js/bootstrap-collapse.js HTTP/1.1" 304 - "http://worldcrime.devharis.com/" "Mozilla/5.0 (Windows NT 6.1; WOW64) AppleWebKit/537.11 (KHTML, like Gecko) Chrome/23.0.1271.97 Safari/537.11"
c-387ae255.09-12-6b6c6d10.cust.bredbandsbolaget.se - - [30/Dec/2012:13:45:25 +0100] "GET /js/bootstrap-button.js HTTP/1.1" 304 - "http://worldcrime.devharis.com/" "Mozilla/5.0 (Windows NT 6.1; WOW64) AppleWebKit/537.11 (KHTML, like Gecko) Chrome/23.0.1271.97 Safari/537.11"
c-387ae255.09-12-6b6c6d10.cust.bredbandsbolaget.se - - [30/Dec/2012:13:45:25 +0100] "GET /js/bootstrap-carousel.js HTTP/1.1" 304 - "http://worldcrime.devharis.com/" "Mozilla/5.0 (Windows NT 6.1; WOW64) AppleWebKit/537.11 (KHTML, like Gecko) Chrome/23.0.1271.97 Safari/537.11"
c-387ae255.09-12-6b6c6d10.cust.bredbandsbolaget.se - - [30/Dec/2012:13:45:25 +0100] "GET /js/bootstrap-typeahead.js HTTP/1.1" 304 - "http://worldcrime.devharis.com/" "Mozilla/5.0 (Windows NT 6.1; WOW64) AppleWebKit/537.11 (KHTML, like Gecko) Chrome/23.0.1271.97 Safari/537.11"
c-387ae255.09-12-6b6c6d10.cust.bredbandsbolaget.se - - [30/Dec/2012:13:45:26 +0100] "GET /assets/ico/favicon.png HTTP/1.1" 404 220 "-" "Mozilla/5.0 (Windows NT 6.1; WOW64) AppleWebKit/537.11 (KHTML, like Gecko) Chrome/23.0.1271.97 Safari/537.11"
c-387ae255.09-12-6b6c6d10.cust.bredbandsbolaget.se - - [30/Dec/2012:13:45:26 +0100] "GET /assets/ico/favicon.png HTTP/1.1" 404 220 "-" "Mozilla/5.0 (Windows NT 6.1; WOW64) AppleWebKit/537.11 (KHTML, like Gecko) Chrome/23.0.1271.97 Safari/537.11"
c-387ae255.09-12-6b6c6d10.cust.bredbandsbolaget.se - - [30/Dec/2012:13:45:26 +0100] "GET /assets/ico/favicon.png HTTP/1.1" 404 220 "-" "Mozilla/5.0 (Windows NT 6.1; WOW64) AppleWebKit/537.11 (KHTML, like Gecko) Chrome/23.0.1271.97 Safari/537.11"
c-387ae255.09-12-6b6c6d10.cust.bredbandsbolaget.se - - [30/Dec/2012:13:46:51 +0100] "GET / HTTP/1.1" 200 6751 "-" "Mozilla/5.0 (Windows NT 6.1; WOW64) AppleWebKit/537.11 (KHTML, like Gecko) Chrome/23.0.1271.97 Safari/537.11"
c-387ae255.09-12-6b6c6d10.cust.bredbandsbolaget.se - - [30/Dec/2012:13:46:51 +0100] "GET /js/bootstrap-alert.js HTTP/1.1" 304 - "http://worldcrime.devharis.com/" "Mozilla/5.0 (Windows NT 6.1; WOW64) AppleWebKit/537.11 (KHTML, like Gecko) Chrome/23.0.1271.97 Safari/537.11"
c-387ae255.09-12-6b6c6d10.cust.bredbandsbolaget.se - - [30/Dec/2012:13:46:51 +0100] "GET /js/jquery.js HTTP/1.1" 304 - "http://worldcrime.devharis.com/" "Mozilla/5.0 (Windows NT 6.1; WOW64) AppleWebKit/537.11 (KHTML, like Gecko) Chrome/23.0.1271.97 Safari/537.11"
c-387ae255.09-12-6b6c6d10.cust.bredbandsbolaget.se - - [30/Dec/2012:13:46:51 +0100] "GET /css/bootstrap.css HTTP/1.1" 304 - "http://worldcrime.devharis.com/" "Mozilla/5.0 (Windows NT 6.1; WOW64) AppleWebKit/537.11 (KHTML, like Gecko) Chrome/23.0.1271.97 Safari/537.11"
c-387ae255.09-12-6b6c6d10.cust.bredbandsbolaget.se - - [30/Dec/2012:13:46:51 +0100] "GET /js/bootstrap-transition.js HTTP/1.1" 304 - "http://worldcrime.devharis.com/" "Mozilla/5.0 (Windows NT 6.1; WOW64) AppleWebKit/537.11 (KHTML, like Gecko) Chrome/23.0.1271.97 Safari/537.11"
c-387ae255.09-12-6b6c6d10.cust.bredbandsbolaget.se - - [30/Dec/2012:13:46:51 +0100] "GET /css/bootstrap-responsive.css HTTP/1.1" 304 - "http://worldcrime.devharis.com/" "Mozilla/5.0 (Windows NT 6.1; WOW64) AppleWebKit/537.11 (KHTML, like Gecko) Chrome/23.0.1271.97 Safari/537.11"
c-387ae255.09-12-6b6c6d10.cust.bredbandsbolaget.se - - [30/Dec/2012:13:46:51 +0100] "GET /js/bootstrap-modal.js HTTP/1.1" 304 - "http://worldcrime.devharis.com/" "Mozilla/5.0 (Windows NT 6.1; WOW64) AppleWebKit/537.11 (KHTML, like Gecko) Chrome/23.0.1271.97 Safari/537.11"
c-387ae255.09-12-6b6c6d10.cust.bredbandsbolaget.se - - [30/Dec/2012:13:46:51 +0100] "GET /js/bootstrap-dropdown.js HTTP/1.1" 304 - "http://worldcrime.devharis.com/" "Mozilla/5.0 (Windows NT 6.1; WOW64) AppleWebKit/537.11 (KHTML, like Gecko) Chrome/23.0.1271.97 Safari/537.11"
c-387ae255.09-12-6b6c6d10.cust.bredbandsbolaget.se - - [30/Dec/2012:13:46:51 +0100] "GET /js/bootstrap-tooltip.js HTTP/1.1" 304 - "http://worldcrime.devharis.com/" "Mozilla/5.0 (Windows NT 6.1; WOW64) AppleWebKit/537.11 (KHTML, like Gecko) Chrome/23.0.1271.97 Safari/537.11"
c-387ae255.09-12-6b6c6d10.cust.bredbandsbolaget.se - - [30/Dec/2012:13:46:51 +0100] "GET /js/bootstrap-tab.js HTTP/1.1" 304 - "http://worldcrime.devharis.com/" "Mozilla/5.0 (Windows NT 6.1; WOW64) AppleWebKit/537.11 (KHTML, like Gecko) Chrome/23.0.1271.97 Safari/537.11"
c-387ae255.09-12-6b6c6d10.cust.bredbandsbolaget.se - - [30/Dec/2012:13:46:51 +0100] "GET /js/bootstrap-popover.js HTTP/1.1" 304 - "http://worldcrime.devharis.com/" "Mozilla/5.0 (Windows NT 6.1; WOW64) AppleWebKit/537.11 (KHTML, like Gecko) Chrome/23.0.1271.97 Safari/537.11"
c-387ae255.09-12-6b6c6d10.cust.bredbandsbolaget.se - - [30/Dec/2012:13:46:51 +0100] "GET /js/bootstrap-scrollspy.js HTTP/1.1" 304 - "http://worldcrime.devharis.com/" "Mozilla/5.0 (Windows NT 6.1; WOW64) AppleWebKit/537.11 (KHTML, like Gecko) Chrome/23.0.1271.97 Safari/537.11"
c-387ae255.09-12-6b6c6d10.cust.bredbandsbolaget.se - - [30/Dec/2012:13:46:51 +0100] "GET /js/bootstrap-button.js HTTP/1.1" 304 - "http://worldcrime.devharis.com/" "Mozilla/5.0 (Windows NT 6.1; WOW64) AppleWebKit/537.11 (KHTML, like Gecko) Chrome/23.0.1271.97 Safari/537.11"
c-387ae255.09-12-6b6c6d10.cust.bredbandsbolaget.se - - [30/Dec/2012:13:46:51 +0100] "GET /js/bootstrap-collapse.js HTTP/1.1" 304 - "http://worldcrime.devharis.com/" "Mozilla/5.0 (Windows NT 6.1; WOW64) AppleWebKit/537.11 (KHTML, like Gecko) Chrome/23.0.1271.97 Safari/537.11"
c-387ae255.09-12-6b6c6d10.cust.bredbandsbolaget.se - - [30/Dec/2012:13:46:51 +0100] "GET /js/bootstrap-carousel.js HTTP/1.1" 304 - "http://worldcrime.devharis.com/" "Mozilla/5.0 (Windows NT 6.1; WOW64) AppleWebKit/537.11 (KHTML, like Gecko) Chrome/23.0.1271.97 Safari/537.11"
c-387ae255.09-12-6b6c6d10.cust.bredbandsbolaget.se - - [30/Dec/2012:13:46:51 +0100] "GET /js/bootstrap-typeahead.js HTTP/1.1" 304 - "http://worldcrime.devharis.com/" "Mozilla/5.0 (Windows NT 6.1; WOW64) AppleWebKit/537.11 (KHTML, like Gecko) Chrome/23.0.1271.97 Safari/537.11"
c-387ae255.09-12-6b6c6d10.cust.bredbandsbolaget.se - - [30/Dec/2012:13:46:52 +0100] "GET /assets/ico/favicon.png HTTP/1.1" 404 220 "-" "Mozilla/5.0 (Windows NT 6.1; WOW64) AppleWebKit/537.11 (KHTML, like Gecko) Chrome/23.0.1271.97 Safari/537.11"
c-387ae255.09-12-6b6c6d10.cust.bredbandsbolaget.se - - [30/Dec/2012:13:46:52 +0100] "GET /assets/ico/favicon.png HTTP/1.1" 404 220 "-" "Mozilla/5.0 (Windows NT 6.1; WOW64) AppleWebKit/537.11 (KHTML, like Gecko) Chrome/23.0.1271.97 Safari/537.11"
c-387ae255.09-12-6b6c6d10.cust.bredbandsbolaget.se - - [30/Dec/2012:13:46:52 +0100] "GET /assets/ico/favicon.png HTTP/1.1" 404 220 "-" "Mozilla/5.0 (Windows NT 6.1; WOW64) AppleWebKit/537.11 (KHTML, like Gecko) Chrome/23.0.1271.97 Safari/537.11"
c-387ae255.09-12-6b6c6d10.cust.bredbandsbolaget.se - - [30/Dec/2012:13:47:19 +0100] "GET / HTTP/1.1" 200 6700 "-" "Mozilla/5.0 (Windows NT 6.1; WOW64) AppleWebKit/537.11 (KHTML, like Gecko) Chrome/23.0.1271.97 Safari/537.11"
c-387ae255.09-12-6b6c6d10.cust.bredbandsbolaget.se - - [30/Dec/2012:13:47:19 +0100] "GET /css/bootstrap.css HTTP/1.1" 304 - "http://worldcrime.devharis.com/" "Mozilla/5.0 (Windows NT 6.1; WOW64) AppleWebKit/537.11 (KHTML, like Gecko) Chrome/23.0.1271.97 Safari/537.11"
c-387ae255.09-12-6b6c6d10.cust.bredbandsbolaget.se - - [30/Dec/2012:13:47:19 +0100] "GET /css/bootstrap-responsive.css HTTP/1.1" 304 - "http://worldcrime.devharis.com/" "Mozilla/5.0 (Windows NT 6.1; WOW64) AppleWebKit/537.11 (KHTML, like Gecko) Chrome/23.0.1271.97 Safari/537.11"
c-387ae255.09-12-6b6c6d10.cust.bredbandsbolaget.se - - [30/Dec/2012:13:47:19 +0100] "GET /js/bootstrap-transition.js HTTP/1.1" 304 - "http://worldcrime.devharis.com/" "Mozilla/5.0 (Windows NT 6.1; WOW64) AppleWebKit/537.11 (KHTML, like Gecko) Chrome/23.0.1271.97 Safari/537.11"
c-387ae255.09-12-6b6c6d10.cust.bredbandsbolaget.se - - [30/Dec/2012:13:47:19 +0100] "GET /js/bootstrap-alert.js HTTP/1.1" 304 - "http://worldcrime.devharis.com/" "Mozilla/5.0 (Windows NT 6.1; WOW64) AppleWebKit/537.11 (KHTML, like Gecko) Chrome/23.0.1271.97 Safari/537.11"
c-387ae255.09-12-6b6c6d10.cust.bredbandsbolaget.se - - [30/Dec/2012:13:47:19 +0100] "GET /js/jquery.js HTTP/1.1" 304 - "http://worldcrime.devharis.com/" "Mozilla/5.0 (Windows NT 6.1; WOW64) AppleWebKit/537.11 (KHTML, like Gecko) Chrome/23.0.1271.97 Safari/537.11"
c-387ae255.09-12-6b6c6d10.cust.bredbandsbolaget.se - - [30/Dec/2012:13:47:19 +0100] "GET /js/bootstrap-modal.js HTTP/1.1" 304 - "http://worldcrime.devharis.com/" "Mozilla/5.0 (Windows NT 6.1; WOW64) AppleWebKit/537.11 (KHTML, like Gecko) Chrome/23.0.1271.97 Safari/537.11"
c-387ae255.09-12-6b6c6d10.cust.bredbandsbolaget.se - - [30/Dec/2012:13:47:19 +0100] "GET /js/bootstrap-dropdown.js HTTP/1.1" 304 - "http://worldcrime.devharis.com/" "Mozilla/5.0 (Windows NT 6.1; WOW64) AppleWebKit/537.11 (KHTML, like Gecko) Chrome/23.0.1271.97 Safari/537.11"
c-387ae255.09-12-6b6c6d10.cust.bredbandsbolaget.se - - [30/Dec/2012:13:47:19 +0100] "GET /js/bootstrap-scrollspy.js HTTP/1.1" 304 - "http://worldcrime.devharis.com/" "Mozilla/5.0 (Windows NT 6.1; WOW64) AppleWebKit/537.11 (KHTML, like Gecko) Chrome/23.0.1271.97 Safari/537.11"
c-387ae255.09-12-6b6c6d10.cust.bredbandsbolaget.se - - [30/Dec/2012:13:47:19 +0100] "GET /js/bootstrap-tab.js HTTP/1.1" 304 - "http://worldcrime.devharis.com/" "Mozilla/5.0 (Windows NT 6.1; WOW64) AppleWebKit/537.11 (KHTML, like Gecko) Chrome/23.0.1271.97 Safari/537.11"
c-387ae255.09-12-6b6c6d10.cust.bredbandsbolaget.se - - [30/Dec/2012:13:47:19 +0100] "GET /js/bootstrap-tooltip.js HTTP/1.1" 304 - "http://worldcrime.devharis.com/" "Mozilla/5.0 (Windows NT 6.1; WOW64) AppleWebKit/537.11 (KHTML, like Gecko) Chrome/23.0.1271.97 Safari/537.11"
c-387ae255.09-12-6b6c6d10.cust.bredbandsbolaget.se - - [30/Dec/2012:13:47:19 +0100] "GET /js/bootstrap-button.js HTTP/1.1" 304 - "http://worldcrime.devharis.com/" "Mozilla/5.0 (Windows NT 6.1; WOW64) AppleWebKit/537.11 (KHTML, like Gecko) Chrome/23.0.1271.97 Safari/537.11"
c-387ae255.09-12-6b6c6d10.cust.bredbandsbolaget.se - - [30/Dec/2012:13:47:19 +0100] "GET /js/bootstrap-popover.js HTTP/1.1" 304 - "http://worldcrime.devharis.com/" "Mozilla/5.0 (Windows NT 6.1; WOW64) AppleWebKit/537.11 (KHTML, like Gecko) Chrome/23.0.1271.97 Safari/537.11"
c-387ae255.09-12-6b6c6d10.cust.bredbandsbolaget.se - - [30/Dec/2012:13:47:19 +0100] "GET /js/bootstrap-carousel.js HTTP/1.1" 304 - "http://worldcrime.devharis.com/" "Mozilla/5.0 (Windows NT 6.1; WOW64) AppleWebKit/537.11 (KHTML, like Gecko) Chrome/23.0.1271.97 Safari/537.11"
c-387ae255.09-12-6b6c6d10.cust.bredbandsbolaget.se - - [30/Dec/2012:13:47:19 +0100] "GET /js/bootstrap-collapse.js HTTP/1.1" 304 - "http://worldcrime.devharis.com/" "Mozilla/5.0 (Windows NT 6.1; WOW64) AppleWebKit/537.11 (KHTML, like Gecko) Chrome/23.0.1271.97 Safari/537.11"
c-387ae255.09-12-6b6c6d10.cust.bredbandsbolaget.se - - [30/Dec/2012:13:47:19 +0100] "GET /js/bootstrap-typeahead.js HTTP/1.1" 304 - "http://worldcrime.devharis.com/" "Mozilla/5.0 (Windows NT 6.1; WOW64) AppleWebKit/537.11 (KHTML, like Gecko) Chrome/23.0.1271.97 Safari/537.11"
c-387ae255.09-12-6b6c6d10.cust.bredbandsbolaget.se - - [30/Dec/2012:13:47:19 +0100] "GET /assets/ico/favicon.png HTTP/1.1" 404 220 "-" "Mozilla/5.0 (Windows NT 6.1; WOW64) AppleWebKit/537.11 (KHTML, like Gecko) Chrome/23.0.1271.97 Safari/537.11"
c-387ae255.09-12-6b6c6d10.cust.bredbandsbolaget.se - - [30/Dec/2012:13:47:19 +0100] "GET /assets/ico/favicon.png HTTP/1.1" 404 220 "-" "Mozilla/5.0 (Windows NT 6.1; WOW64) AppleWebKit/537.11 (KHTML, like Gecko) Chrome/23.0.1271.97 Safari/537.11"
c-387ae255.09-12-6b6c6d10.cust.bredbandsbolaget.se - - [30/Dec/2012:13:47:19 +0100] "GET /assets/ico/favicon.png HTTP/1.1" 404 220 "-" "Mozilla/5.0 (Windows NT 6.1; WOW64) AppleWebKit/537.11 (KHTML, like Gecko) Chrome/23.0.1271.97 Safari/537.11"
c-387ae255.09-12-6b6c6d10.cust.bredbandsbolaget.se - - [30/Dec/2012:13:49:54 +0100] "GET / HTTP/1.1" 200 6697 "-" "Mozilla/5.0 (Windows NT 6.1; WOW64) AppleWebKit/537.11 (KHTML, like Gecko) Chrome/23.0.1271.97 Safari/537.11"
c-387ae255.09-12-6b6c6d10.cust.bredbandsbolaget.se - - [30/Dec/2012:13:49:54 +0100] "GET /js/jquery.js HTTP/1.1" 304 - "http://worldcrime.devharis.com/" "Mozilla/5.0 (Windows NT 6.1; WOW64) AppleWebKit/537.11 (KHTML, like Gecko) Chrome/23.0.1271.97 Safari/537.11"
c-387ae255.09-12-6b6c6d10.cust.bredbandsbolaget.se - - [30/Dec/2012:13:49:54 +0100] "GET /js/bootstrap-alert.js HTTP/1.1" 304 - "http://worldcrime.devharis.com/" "Mozilla/5.0 (Windows NT 6.1; WOW64) AppleWebKit/537.11 (KHTML, like Gecko) Chrome/23.0.1271.97 Safari/537.11"
c-387ae255.09-12-6b6c6d10.cust.bredbandsbolaget.se - - [30/Dec/2012:13:49:54 +0100] "GET /css/bootstrap-responsive.css HTTP/1.1" 304 - "http://worldcrime.devharis.com/" "Mozilla/5.0 (Windows NT 6.1; WOW64) AppleWebKit/537.11 (KHTML, like Gecko) Chrome/23.0.1271.97 Safari/537.11"
c-387ae255.09-12-6b6c6d10.cust.bredbandsbolaget.se - - [30/Dec/2012:13:49:54 +0100] "GET /js/bootstrap-transition.js HTTP/1.1" 304 - "http://worldcrime.devharis.com/" "Mozilla/5.0 (Windows NT 6.1; WOW64) AppleWebKit/537.11 (KHTML, like Gecko) Chrome/23.0.1271.97 Safari/537.11"
c-387ae255.09-12-6b6c6d10.cust.bredbandsbolaget.se - - [30/Dec/2012:13:49:54 +0100] "GET /css/bootstrap.css HTTP/1.1" 304 - "http://worldcrime.devharis.com/" "Mozilla/5.0 (Windows NT 6.1; WOW64) AppleWebKit/537.11 (KHTML, like Gecko) Chrome/23.0.1271.97 Safari/537.11"
c-387ae255.09-12-6b6c6d10.cust.bredbandsbolaget.se - - [30/Dec/2012:13:49:54 +0100] "GET /js/bootstrap-scrollspy.js HTTP/1.1" 304 - "http://worldcrime.devharis.com/" "Mozilla/5.0 (Windows NT 6.1; WOW64) AppleWebKit/537.11 (KHTML, like Gecko) Chrome/23.0.1271.97 Safari/537.11"
c-387ae255.09-12-6b6c6d10.cust.bredbandsbolaget.se - - [30/Dec/2012:13:49:54 +0100] "GET /js/bootstrap-popover.js HTTP/1.1" 304 - "http://worldcrime.devharis.com/" "Mozilla/5.0 (Windows NT 6.1; WOW64) AppleWebKit/537.11 (KHTML, like Gecko) Chrome/23.0.1271.97 Safari/537.11"
c-387ae255.09-12-6b6c6d10.cust.bredbandsbolaget.se - - [30/Dec/2012:13:49:54 +0100] "GET /js/bootstrap-tooltip.js HTTP/1.1" 304 - "http://worldcrime.devharis.com/" "Mozilla/5.0 (Windows NT 6.1; WOW64) AppleWebKit/537.11 (KHTML, like Gecko) Chrome/23.0.1271.97 Safari/537.11"
c-387ae255.09-12-6b6c6d10.cust.bredbandsbolaget.se - - [30/Dec/2012:13:49:54 +0100] "GET /js/bootstrap-tab.js HTTP/1.1" 304 - "http://worldcrime.devharis.com/" "Mozilla/5.0 (Windows NT 6.1; WOW64) AppleWebKit/537.11 (KHTML, like Gecko) Chrome/23.0.1271.97 Safari/537.11"
c-387ae255.09-12-6b6c6d10.cust.bredbandsbolaget.se - - [30/Dec/2012:13:49:54 +0100] "GET /js/bootstrap-modal.js HTTP/1.1" 304 - "http://worldcrime.devharis.com/" "Mozilla/5.0 (Windows NT 6.1; WOW64) AppleWebKit/537.11 (KHTML, like Gecko) Chrome/23.0.1271.97 Safari/537.11"
c-387ae255.09-12-6b6c6d10.cust.bredbandsbolaget.se - - [30/Dec/2012:13:49:54 +0100] "GET /js/bootstrap-dropdown.js HTTP/1.1" 304 - "http://worldcrime.devharis.com/" "Mozilla/5.0 (Windows NT 6.1; WOW64) AppleWebKit/537.11 (KHTML, like Gecko) Chrome/23.0.1271.97 Safari/537.11"
c-387ae255.09-12-6b6c6d10.cust.bredbandsbolaget.se - - [30/Dec/2012:13:49:54 +0100] "GET /js/bootstrap-collapse.js HTTP/1.1" 304 - "http://worldcrime.devharis.com/" "Mozilla/5.0 (Windows NT 6.1; WOW64) AppleWebKit/537.11 (KHTML, like Gecko) Chrome/23.0.1271.97 Safari/537.11"
c-387ae255.09-12-6b6c6d10.cust.bredbandsbolaget.se - - [30/Dec/2012:13:49:54 +0100] "GET /js/bootstrap-button.js HTTP/1.1" 304 - "http://worldcrime.devharis.com/" "Mozilla/5.0 (Windows NT 6.1; WOW64) AppleWebKit/537.11 (KHTML, like Gecko) Chrome/23.0.1271.97 Safari/537.11"
c-387ae255.09-12-6b6c6d10.cust.bredbandsbolaget.se - - [30/Dec/2012:13:49:54 +0100] "GET /js/bootstrap-carousel.js HTTP/1.1" 304 - "http://worldcrime.devharis.com/" "Mozilla/5.0 (Windows NT 6.1; WOW64) AppleWebKit/537.11 (KHTML, like Gecko) Chrome/23.0.1271.97 Safari/537.11"
c-387ae255.09-12-6b6c6d10.cust.bredbandsbolaget.se - - [30/Dec/2012:13:49:54 +0100] "GET /js/bootstrap-typeahead.js HTTP/1.1" 304 - "http://worldcrime.devharis.com/" "Mozilla/5.0 (Windows NT 6.1; WOW64) AppleWebKit/537.11 (KHTML, like Gecko) Chrome/23.0.1271.97 Safari/537.11"
c-387ae255.09-12-6b6c6d10.cust.bredbandsbolaget.se - - [30/Dec/2012:13:49:55 +0100] "GET /assets/ico/favicon.png HTTP/1.1" 404 220 "-" "Mozilla/5.0 (Windows NT 6.1; WOW64) AppleWebKit/537.11 (KHTML, like Gecko) Chrome/23.0.1271.97 Safari/537.11"
c-387ae255.09-12-6b6c6d10.cust.bredbandsbolaget.se - - [30/Dec/2012:13:49:55 +0100] "GET /assets/ico/favicon.png HTTP/1.1" 404 220 "-" "Mozilla/5.0 (Windows NT 6.1; WOW64) AppleWebKit/537.11 (KHTML, like Gecko) Chrome/23.0.1271.97 Safari/537.11"
c-387ae255.09-12-6b6c6d10.cust.bredbandsbolaget.se - - [30/Dec/2012:13:49:55 +0100] "GET /assets/ico/favicon.png HTTP/1.1" 404 220 "-" "Mozilla/5.0 (Windows NT 6.1; WOW64) AppleWebKit/537.11 (KHTML, like Gecko) Chrome/23.0.1271.97 Safari/537.11"
c-387ae255.09-12-6b6c6d10.cust.bredbandsbolaget.se - - [30/Dec/2012:13:51:20 +0100] "GET / HTTP/1.1" 200 8046 "-" "Mozilla/5.0 (Windows NT 6.1; WOW64) AppleWebKit/537.11 (KHTML, like Gecko) Chrome/23.0.1271.97 Safari/537.11"
c-387ae255.09-12-6b6c6d10.cust.bredbandsbolaget.se - - [30/Dec/2012:13:51:20 +0100] "GET /css/bootstrap.css HTTP/1.1" 304 - "http://worldcrime.devharis.com/" "Mozilla/5.0 (Windows NT 6.1; WOW64) AppleWebKit/537.11 (KHTML, like Gecko) Chrome/23.0.1271.97 Safari/537.11"
c-387ae255.09-12-6b6c6d10.cust.bredbandsbolaget.se - - [30/Dec/2012:13:51:20 +0100] "GET /js/jquery.js HTTP/1.1" 304 - "http://worldcrime.devharis.com/" "Mozilla/5.0 (Windows NT 6.1; WOW64) AppleWebKit/537.11 (KHTML, like Gecko) Chrome/23.0.1271.97 Safari/537.11"
c-387ae255.09-12-6b6c6d10.cust.bredbandsbolaget.se - - [30/Dec/2012:13:51:20 +0100] "GET /js/bootstrap-transition.js HTTP/1.1" 304 - "http://worldcrime.devharis.com/" "Mozilla/5.0 (Windows NT 6.1; WOW64) AppleWebKit/537.11 (KHTML, like Gecko) Chrome/23.0.1271.97 Safari/537.11"
c-387ae255.09-12-6b6c6d10.cust.bredbandsbolaget.se - - [30/Dec/2012:13:51:20 +0100] "GET /css/bootstrap-responsive.css HTTP/1.1" 304 - "http://worldcrime.devharis.com/" "Mozilla/5.0 (Windows NT 6.1; WOW64) AppleWebKit/537.11 (KHTML, like Gecko) Chrome/23.0.1271.97 Safari/537.11"
c-387ae255.09-12-6b6c6d10.cust.bredbandsbolaget.se - - [30/Dec/2012:13:51:20 +0100] "GET /js/bootstrap-modal.js HTTP/1.1" 304 - "http://worldcrime.devharis.com/" "Mozilla/5.0 (Windows NT 6.1; WOW64) AppleWebKit/537.11 (KHTML, like Gecko) Chrome/23.0.1271.97 Safari/537.11"
c-387ae255.09-12-6b6c6d10.cust.bredbandsbolaget.se - - [30/Dec/2012:13:51:20 +0100] "GET /js/bootstrap-alert.js HTTP/1.1" 304 - "http://worldcrime.devharis.com/" "Mozilla/5.0 (Windows NT 6.1; WOW64) AppleWebKit/537.11 (KHTML, like Gecko) Chrome/23.0.1271.97 Safari/537.11"
c-387ae255.09-12-6b6c6d10.cust.bredbandsbolaget.se - - [30/Dec/2012:13:51:20 +0100] "GET /js/bootstrap-dropdown.js HTTP/1.1" 304 - "http://worldcrime.devharis.com/" "Mozilla/5.0 (Windows NT 6.1; WOW64) AppleWebKit/537.11 (KHTML, like Gecko) Chrome/23.0.1271.97 Safari/537.11"
c-387ae255.09-12-6b6c6d10.cust.bredbandsbolaget.se - - [30/Dec/2012:13:51:20 +0100] "GET /js/bootstrap-scrollspy.js HTTP/1.1" 304 - "http://worldcrime.devharis.com/" "Mozilla/5.0 (Windows NT 6.1; WOW64) AppleWebKit/537.11 (KHTML, like Gecko) Chrome/23.0.1271.97 Safari/537.11"
c-387ae255.09-12-6b6c6d10.cust.bredbandsbolaget.se - - [30/Dec/2012:13:51:20 +0100] "GET /js/bootstrap-tab.js HTTP/1.1" 304 - "http://worldcrime.devharis.com/" "Mozilla/5.0 (Windows NT 6.1; WOW64) AppleWebKit/537.11 (KHTML, like Gecko) Chrome/23.0.1271.97 Safari/537.11"
c-387ae255.09-12-6b6c6d10.cust.bredbandsbolaget.se - - [30/Dec/2012:13:51:20 +0100] "GET /js/bootstrap-tooltip.js HTTP/1.1" 304 - "http://worldcrime.devharis.com/" "Mozilla/5.0 (Windows NT 6.1; WOW64) AppleWebKit/537.11 (KHTML, like Gecko) Chrome/23.0.1271.97 Safari/537.11"
c-387ae255.09-12-6b6c6d10.cust.bredbandsbolaget.se - - [30/Dec/2012:13:51:20 +0100] "GET /js/bootstrap-popover.js HTTP/1.1" 304 - "http://worldcrime.devharis.com/" "Mozilla/5.0 (Windows NT 6.1; WOW64) AppleWebKit/537.11 (KHTML, like Gecko) Chrome/23.0.1271.97 Safari/537.11"
c-387ae255.09-12-6b6c6d10.cust.bredbandsbolaget.se - - [30/Dec/2012:13:51:20 +0100] "GET /js/bootstrap-button.js HTTP/1.1" 304 - "http://worldcrime.devharis.com/" "Mozilla/5.0 (Windows NT 6.1; WOW64) AppleWebKit/537.11 (KHTML, like Gecko) Chrome/23.0.1271.97 Safari/537.11"
c-387ae255.09-12-6b6c6d10.cust.bredbandsbolaget.se - - [30/Dec/2012:13:51:20 +0100] "GET /js/bootstrap-collapse.js HTTP/1.1" 304 - "http://worldcrime.devharis.com/" "Mozilla/5.0 (Windows NT 6.1; WOW64) AppleWebKit/537.11 (KHTML, like Gecko) Chrome/23.0.1271.97 Safari/537.11"
c-387ae255.09-12-6b6c6d10.cust.bredbandsbolaget.se - - [30/Dec/2012:13:51:20 +0100] "GET /js/bootstrap-carousel.js HTTP/1.1" 304 - "http://worldcrime.devharis.com/" "Mozilla/5.0 (Windows NT 6.1; WOW64) AppleWebKit/537.11 (KHTML, like Gecko) Chrome/23.0.1271.97 Safari/537.11"
c-387ae255.09-12-6b6c6d10.cust.bredbandsbolaget.se - - [30/Dec/2012:13:51:20 +0100] "GET /js/bootstrap-typeahead.js HTTP/1.1" 304 - "http://worldcrime.devharis.com/" "Mozilla/5.0 (Windows NT 6.1; WOW64) AppleWebKit/537.11 (KHTML, like Gecko) Chrome/23.0.1271.97 Safari/537.11"
c-387ae255.09-12-6b6c6d10.cust.bredbandsbolaget.se - - [30/Dec/2012:13:51:20 +0100] "GET /assets/ico/favicon.png HTTP/1.1" 404 220 "-" "Mozilla/5.0 (Windows NT 6.1; WOW64) AppleWebKit/537.11 (KHTML, like Gecko) Chrome/23.0.1271.97 Safari/537.11"
c-387ae255.09-12-6b6c6d10.cust.bredbandsbolaget.se - - [30/Dec/2012:13:51:21 +0100] "GET /assets/ico/favicon.png HTTP/1.1" 404 220 "-" "Mozilla/5.0 (Windows NT 6.1; WOW64) AppleWebKit/537.11 (KHTML, like Gecko) Chrome/23.0.1271.97 Safari/537.11"
c-387ae255.09-12-6b6c6d10.cust.bredbandsbolaget.se - - [30/Dec/2012:13:51:21 +0100] "GET /assets/ico/favicon.png HTTP/1.1" 404 220 "-" "Mozilla/5.0 (Windows NT 6.1; WOW64) AppleWebKit/537.11 (KHTML, like Gecko) Chrome/23.0.1271.97 Safari/537.11"
c-387ae255.09-12-6b6c6d10.cust.bredbandsbolaget.se - - [30/Dec/2012:13:51:50 +0100] "GET / HTTP/1.1" 200 8046 "-" "Mozilla/5.0 (Windows NT 6.1; WOW64) AppleWebKit/537.11 (KHTML, like Gecko) Chrome/23.0.1271.97 Safari/537.11"
c-387ae255.09-12-6b6c6d10.cust.bredbandsbolaget.se - - [30/Dec/2012:13:51:50 +0100] "GET /css/bootstrap.css HTTP/1.1" 304 - "http://worldcrime.devharis.com/" "Mozilla/5.0 (Windows NT 6.1; WOW64) AppleWebKit/537.11 (KHTML, like Gecko) Chrome/23.0.1271.97 Safari/537.11"
c-387ae255.09-12-6b6c6d10.cust.bredbandsbolaget.se - - [30/Dec/2012:13:51:50 +0100] "GET /css/bootstrap-responsive.css HTTP/1.1" 304 - "http://worldcrime.devharis.com/" "Mozilla/5.0 (Windows NT 6.1; WOW64) AppleWebKit/537.11 (KHTML, like Gecko) Chrome/23.0.1271.97 Safari/537.11"
c-387ae255.09-12-6b6c6d10.cust.bredbandsbolaget.se - - [30/Dec/2012:13:51:50 +0100] "GET /js/jquery.js HTTP/1.1" 304 - "http://worldcrime.devharis.com/" "Mozilla/5.0 (Windows NT 6.1; WOW64) AppleWebKit/537.11 (KHTML, like Gecko) Chrome/23.0.1271.97 Safari/537.11"
c-387ae255.09-12-6b6c6d10.cust.bredbandsbolaget.se - - [30/Dec/2012:13:51:50 +0100] "GET /js/bootstrap-transition.js HTTP/1.1" 304 - "http://worldcrime.devharis.com/" "Mozilla/5.0 (Windows NT 6.1; WOW64) AppleWebKit/537.11 (KHTML, like Gecko) Chrome/23.0.1271.97 Safari/537.11"
c-387ae255.09-12-6b6c6d10.cust.bredbandsbolaget.se - - [30/Dec/2012:13:51:50 +0100] "GET /js/bootstrap-alert.js HTTP/1.1" 304 - "http://worldcrime.devharis.com/" "Mozilla/5.0 (Windows NT 6.1; WOW64) AppleWebKit/537.11 (KHTML, like Gecko) Chrome/23.0.1271.97 Safari/537.11"
c-387ae255.09-12-6b6c6d10.cust.bredbandsbolaget.se - - [30/Dec/2012:13:51:50 +0100] "GET /js/bootstrap-modal.js HTTP/1.1" 304 - "http://worldcrime.devharis.com/" "Mozilla/5.0 (Windows NT 6.1; WOW64) AppleWebKit/537.11 (KHTML, like Gecko) Chrome/23.0.1271.97 Safari/537.11"
c-387ae255.09-12-6b6c6d10.cust.bredbandsbolaget.se - - [30/Dec/2012:13:51:50 +0100] "GET /js/bootstrap-dropdown.js HTTP/1.1" 304 - "http://worldcrime.devharis.com/" "Mozilla/5.0 (Windows NT 6.1; WOW64) AppleWebKit/537.11 (KHTML, like Gecko) Chrome/23.0.1271.97 Safari/537.11"
c-387ae255.09-12-6b6c6d10.cust.bredbandsbolaget.se - - [30/Dec/2012:13:51:50 +0100] "GET /js/bootstrap-scrollspy.js HTTP/1.1" 304 - "http://worldcrime.devharis.com/" "Mozilla/5.0 (Windows NT 6.1; WOW64) AppleWebKit/537.11 (KHTML, like Gecko) Chrome/23.0.1271.97 Safari/537.11"
c-387ae255.09-12-6b6c6d10.cust.bredbandsbolaget.se - - [30/Dec/2012:13:51:50 +0100] "GET /js/bootstrap-tab.js HTTP/1.1" 304 - "http://worldcrime.devharis.com/" "Mozilla/5.0 (Windows NT 6.1; WOW64) AppleWebKit/537.11 (KHTML, like Gecko) Chrome/23.0.1271.97 Safari/537.11"
c-387ae255.09-12-6b6c6d10.cust.bredbandsbolaget.se - - [30/Dec/2012:13:51:50 +0100] "GET /js/bootstrap-tooltip.js HTTP/1.1" 304 - "http://worldcrime.devharis.com/" "Mozilla/5.0 (Windows NT 6.1; WOW64) AppleWebKit/537.11 (KHTML, like Gecko) Chrome/23.0.1271.97 Safari/537.11"
c-387ae255.09-12-6b6c6d10.cust.bredbandsbolaget.se - - [30/Dec/2012:13:51:50 +0100] "GET /js/bootstrap-popover.js HTTP/1.1" 304 - "http://worldcrime.devharis.com/" "Mozilla/5.0 (Windows NT 6.1; WOW64) AppleWebKit/537.11 (KHTML, like Gecko) Chrome/23.0.1271.97 Safari/537.11"
c-387ae255.09-12-6b6c6d10.cust.bredbandsbolaget.se - - [30/Dec/2012:13:51:50 +0100] "GET /js/bootstrap-button.js HTTP/1.1" 304 - "http://worldcrime.devharis.com/" "Mozilla/5.0 (Windows NT 6.1; WOW64) AppleWebKit/537.11 (KHTML, like Gecko) Chrome/23.0.1271.97 Safari/537.11"
c-387ae255.09-12-6b6c6d10.cust.bredbandsbolaget.se - - [30/Dec/2012:13:51:50 +0100] "GET /js/bootstrap-carousel.js HTTP/1.1" 304 - "http://worldcrime.devharis.com/" "Mozilla/5.0 (Windows NT 6.1; WOW64) AppleWebKit/537.11 (KHTML, like Gecko) Chrome/23.0.1271.97 Safari/537.11"
c-387ae255.09-12-6b6c6d10.cust.bredbandsbolaget.se - - [30/Dec/2012:13:51:50 +0100] "GET /js/bootstrap-collapse.js HTTP/1.1" 304 - "http://worldcrime.devharis.com/" "Mozilla/5.0 (Windows NT 6.1; WOW64) AppleWebKit/537.11 (KHTML, like Gecko) Chrome/23.0.1271.97 Safari/537.11"
c-387ae255.09-12-6b6c6d10.cust.bredbandsbolaget.se - - [30/Dec/2012:13:51:50 +0100] "GET /js/bootstrap-typeahead.js HTTP/1.1" 304 - "http://worldcrime.devharis.com/" "Mozilla/5.0 (Windows NT 6.1; WOW64) AppleWebKit/537.11 (KHTML, like Gecko) Chrome/23.0.1271.97 Safari/537.11"
c-387ae255.09-12-6b6c6d10.cust.bredbandsbolaget.se - - [30/Dec/2012:13:51:50 +0100] "GET /assets/ico/favicon.png HTTP/1.1" 404 220 "-" "Mozilla/5.0 (Windows NT 6.1; WOW64) AppleWebKit/537.11 (KHTML, like Gecko) Chrome/23.0.1271.97 Safari/537.11"
c-387ae255.09-12-6b6c6d10.cust.bredbandsbolaget.se - - [30/Dec/2012:13:51:50 +0100] "GET /assets/ico/favicon.png HTTP/1.1" 404 220 "-" "Mozilla/5.0 (Windows NT 6.1; WOW64) AppleWebKit/537.11 (KHTML, like Gecko) Chrome/23.0.1271.97 Safari/537.11"
c-387ae255.09-12-6b6c6d10.cust.bredbandsbolaget.se - - [30/Dec/2012:13:51:50 +0100] "GET /assets/ico/favicon.png HTTP/1.1" 404 220 "-" "Mozilla/5.0 (Windows NT 6.1; WOW64) AppleWebKit/537.11 (KHTML, like Gecko) Chrome/23.0.1271.97 Safari/537.11"
c-387ae255.09-12-6b6c6d10.cust.bredbandsbolaget.se - - [30/Dec/2012:13:52:20 +0100] "GET / HTTP/1.1" 200 8046 "-" "Mozilla/5.0 (Windows NT 6.1; WOW64) AppleWebKit/537.11 (KHTML, like Gecko) Chrome/23.0.1271.97 Safari/537.11"
c-387ae255.09-12-6b6c6d10.cust.bredbandsbolaget.se - - [30/Dec/2012:13:52:20 +0100] "GET /css/bootstrap.css HTTP/1.1" 304 - "http://worldcrime.devharis.com/" "Mozilla/5.0 (Windows NT 6.1; WOW64) AppleWebKit/537.11 (KHTML, like Gecko) Chrome/23.0.1271.97 Safari/537.11"
c-387ae255.09-12-6b6c6d10.cust.bredbandsbolaget.se - - [30/Dec/2012:13:52:20 +0100] "GET /css/bootstrap-responsive.css HTTP/1.1" 304 - "http://worldcrime.devharis.com/" "Mozilla/5.0 (Windows NT 6.1; WOW64) AppleWebKit/537.11 (KHTML, like Gecko) Chrome/23.0.1271.97 Safari/537.11"
c-387ae255.09-12-6b6c6d10.cust.bredbandsbolaget.se - - [30/Dec/2012:13:52:20 +0100] "GET /js/jquery.js HTTP/1.1" 304 - "http://worldcrime.devharis.com/" "Mozilla/5.0 (Windows NT 6.1; WOW64) AppleWebKit/537.11 (KHTML, like Gecko) Chrome/23.0.1271.97 Safari/537.11"
c-387ae255.09-12-6b6c6d10.cust.bredbandsbolaget.se - - [30/Dec/2012:13:52:20 +0100] "GET /js/bootstrap-transition.js HTTP/1.1" 304 - "http://worldcrime.devharis.com/" "Mozilla/5.0 (Windows NT 6.1; WOW64) AppleWebKit/537.11 (KHTML, like Gecko) Chrome/23.0.1271.97 Safari/537.11"
c-387ae255.09-12-6b6c6d10.cust.bredbandsbolaget.se - - [30/Dec/2012:13:52:20 +0100] "GET /js/bootstrap-alert.js HTTP/1.1" 304 - "http://worldcrime.devharis.com/" "Mozilla/5.0 (Windows NT 6.1; WOW64) AppleWebKit/537.11 (KHTML, like Gecko) Chrome/23.0.1271.97 Safari/537.11"
c-387ae255.09-12-6b6c6d10.cust.bredbandsbolaget.se - - [30/Dec/2012:13:52:20 +0100] "GET /js/bootstrap-modal.js HTTP/1.1" 304 - "http://worldcrime.devharis.com/" "Mozilla/5.0 (Windows NT 6.1; WOW64) AppleWebKit/537.11 (KHTML, like Gecko) Chrome/23.0.1271.97 Safari/537.11"
c-387ae255.09-12-6b6c6d10.cust.bredbandsbolaget.se - - [30/Dec/2012:13:52:20 +0100] "GET /js/bootstrap-tab.js HTTP/1.1" 304 - "http://worldcrime.devharis.com/" "Mozilla/5.0 (Windows NT 6.1; WOW64) AppleWebKit/537.11 (KHTML, like Gecko) Chrome/23.0.1271.97 Safari/537.11"
c-387ae255.09-12-6b6c6d10.cust.bredbandsbolaget.se - - [30/Dec/2012:13:52:20 +0100] "GET /js/bootstrap-tooltip.js HTTP/1.1" 304 - "http://worldcrime.devharis.com/" "Mozilla/5.0 (Windows NT 6.1; WOW64) AppleWebKit/537.11 (KHTML, like Gecko) Chrome/23.0.1271.97 Safari/537.11"
c-387ae255.09-12-6b6c6d10.cust.bredbandsbolaget.se - - [30/Dec/2012:13:52:20 +0100] "GET /js/bootstrap-button.js HTTP/1.1" 304 - "http://worldcrime.devharis.com/" "Mozilla/5.0 (Windows NT 6.1; WOW64) AppleWebKit/537.11 (KHTML, like Gecko) Chrome/23.0.1271.97 Safari/537.11"
c-387ae255.09-12-6b6c6d10.cust.bredbandsbolaget.se - - [30/Dec/2012:13:52:20 +0100] "GET /js/bootstrap-scrollspy.js HTTP/1.1" 304 - "http://worldcrime.devharis.com/" "Mozilla/5.0 (Windows NT 6.1; WOW64) AppleWebKit/537.11 (KHTML, like Gecko) Chrome/23.0.1271.97 Safari/537.11"
c-387ae255.09-12-6b6c6d10.cust.bredbandsbolaget.se - - [30/Dec/2012:13:52:20 +0100] "GET /js/bootstrap-dropdown.js HTTP/1.1" 304 - "http://worldcrime.devharis.com/" "Mozilla/5.0 (Windows NT 6.1; WOW64) AppleWebKit/537.11 (KHTML, like Gecko) Chrome/23.0.1271.97 Safari/537.11"
c-387ae255.09-12-6b6c6d10.cust.bredbandsbolaget.se - - [30/Dec/2012:13:52:20 +0100] "GET /js/bootstrap-popover.js HTTP/1.1" 304 - "http://worldcrime.devharis.com/" "Mozilla/5.0 (Windows NT 6.1; WOW64) AppleWebKit/537.11 (KHTML, like Gecko) Chrome/23.0.1271.97 Safari/537.11"
c-387ae255.09-12-6b6c6d10.cust.bredbandsbolaget.se - - [30/Dec/2012:13:52:20 +0100] "GET /js/bootstrap-collapse.js HTTP/1.1" 304 - "http://worldcrime.devharis.com/" "Mozilla/5.0 (Windows NT 6.1; WOW64) AppleWebKit/537.11 (KHTML, like Gecko) Chrome/23.0.1271.97 Safari/537.11"
c-387ae255.09-12-6b6c6d10.cust.bredbandsbolaget.se - - [30/Dec/2012:13:52:20 +0100] "GET /js/bootstrap-carousel.js HTTP/1.1" 304 - "http://worldcrime.devharis.com/" "Mozilla/5.0 (Windows NT 6.1; WOW64) AppleWebKit/537.11 (KHTML, like Gecko) Chrome/23.0.1271.97 Safari/537.11"
c-387ae255.09-12-6b6c6d10.cust.bredbandsbolaget.se - - [30/Dec/2012:13:52:20 +0100] "GET /js/bootstrap-typeahead.js HTTP/1.1" 304 - "http://worldcrime.devharis.com/" "Mozilla/5.0 (Windows NT 6.1; WOW64) AppleWebKit/537.11 (KHTML, like Gecko) Chrome/23.0.1271.97 Safari/537.11"
c-387ae255.09-12-6b6c6d10.cust.bredbandsbolaget.se - - [30/Dec/2012:13:52:20 +0100] "GET /assets/ico/favicon.png HTTP/1.1" 404 220 "-" "Mozilla/5.0 (Windows NT 6.1; WOW64) AppleWebKit/537.11 (KHTML, like Gecko) Chrome/23.0.1271.97 Safari/537.11"
c-387ae255.09-12-6b6c6d10.cust.bredbandsbolaget.se - - [30/Dec/2012:13:52:20 +0100] "GET /assets/ico/favicon.png HTTP/1.1" 404 220 "-" "Mozilla/5.0 (Windows NT 6.1; WOW64) AppleWebKit/537.11 (KHTML, like Gecko) Chrome/23.0.1271.97 Safari/537.11"
c-387ae255.09-12-6b6c6d10.cust.bredbandsbolaget.se - - [30/Dec/2012:13:52:20 +0100] "GET /assets/ico/favicon.png HTTP/1.1" 404 220 "-" "Mozilla/5.0 (Windows NT 6.1; WOW64) AppleWebKit/537.11 (KHTML, like Gecko) Chrome/23.0.1271.97 Safari/537.11"
