[30-Dec-2012 15:25:28] PHP Fatal error:  Call to undefined function  file_get_content() in /storage/content/28/162828/worldcrime.devharis.com/public_html/index.php on line 73
[30-Dec-2012 15:38:48] PHP Warning:  simplexml_load_file() [<a href='function.simplexml-load-file'>function.simplexml-load-file</a>]: I/O warning : failed to load external entity &quot;&lt;?xml version=&quot;1.0&quot; encoding=&quot;UTF-8&quot; ?&gt;&lt;events&gt;		&lt;event id=&quot;191276&quot;&gt;
			&lt;title&gt;TRAFIKOLYCKA&lt;/title&gt;
			&lt;titleCleaned&gt;&lt;![CDATA[TRAFIKOLYCKA]]&gt;&lt;/titleCleaned&gt;
			&lt;link&gt;http://www.polisen.se/Varmland/Aktuellt/Handelser/Varmland1/2012-12-30-0509-Sammanfattning-dygn-Varmland/&lt;/link&gt;
			&lt;description&gt;TRAFIKOLYCKA&lt;/description&gt;
			&lt;date&gt;2012-12-30 23:46:00&lt;/date&gt;
			&lt;dateUnix&gt;1356907560&lt;/dateUnix&gt;
			&lt;lat&gt;59.605118&lt;/lat&gt;
			&lt;lng&gt;13.724463&lt;/lng&gt;
			&lt;accuracy&gt;4&lt;/accuracy&gt;
			&lt;type&gt;&lt;/type&gt;
			&lt;typeID&gt;0&lt;/typeID&gt;
			&lt;place&gt;RATTFYLLERI, RV63,MOLKOM&lt;/place&gt;
			&lt;text&gt;&lt;![CDATA[En bil hade kört på en lyktstolpe och sedan ner i diket. När polis kom till platsen fa in /storage/content/28/162828/worldcrime.devharis.com/public_html/index.php on line 74
[30-Dec-2012 15:38:48] PHP Warning:  Invalid argument supplied for foreach() in /storage/content/28/162828/worldcrime.devharis.com/public_html/index.php on line 76
[30-Dec-2012 15:39:11] PHP Warning:  simplexml_load_file() [<a href='function.simplexml-load-file'>function.simplexml-load-file</a>]: I/O warning : failed to load external entity &quot;&lt;?xml version=&quot;1.0&quot; encoding=&quot;UTF-8&quot; ?&gt;&lt;events&gt;		&lt;event id=&quot;191276&quot;&gt;
			&lt;title&gt;TRAFIKOLYCKA&lt;/title&gt;
			&lt;titleCleaned&gt;&lt;![CDATA[TRAFIKOLYCKA]]&gt;&lt;/titleCleaned&gt;
			&lt;link&gt;http://www.polisen.se/Varmland/Aktuellt/Handelser/Varmland1/2012-12-30-0509-Sammanfattning-dygn-Varmland/&lt;/link&gt;
			&lt;description&gt;TRAFIKOLYCKA&lt;/description&gt;
			&lt;date&gt;2012-12-30 23:46:00&lt;/date&gt;
			&lt;dateUnix&gt;1356907560&lt;/dateUnix&gt;
			&lt;lat&gt;59.605118&lt;/lat&gt;
			&lt;lng&gt;13.724463&lt;/lng&gt;
			&lt;accuracy&gt;4&lt;/accuracy&gt;
			&lt;type&gt;&lt;/type&gt;
			&lt;typeID&gt;0&lt;/typeID&gt;
			&lt;place&gt;RATTFYLLERI, RV63,MOLKOM&lt;/place&gt;
			&lt;text&gt;&lt;![CDATA[En bil hade kört på en lyktstolpe och sedan ner i diket. När polis kom till platsen fa in /storage/content/28/162828/worldcrime.devharis.com/public_html/index.php on line 74
[30-Dec-2012 15:39:11] PHP Warning:  Invalid argument supplied for foreach() in /storage/content/28/162828/worldcrime.devharis.com/public_html/index.php on line 76
[30-Dec-2012 15:39:30] PHP Warning:  Invalid argument supplied for foreach() in /storage/content/28/162828/worldcrime.devharis.com/public_html/index.php on line 75
[30-Dec-2012 16:32:17] PHP Warning:  file_put_contents(./source/) [<a href='function.file-put-contents'>function.file-put-contents</a>]: failed to open stream: Is a directory in /storage/content/28/162828/worldcrime.devharis.com/public_html/index.php on line 76
[30-Dec-2012 16:32:47] PHP Warning:  file_put_contents(./source/) [<a href='function.file-put-contents'>function.file-put-contents</a>]: failed to open stream: Is a directory in /storage/content/28/162828/worldcrime.devharis.com/public_html/index.php on line 76
